<!DOCTYPE html>

<html>
  <head>
  <meta charset='utf-8'>
  <title>TestNG reports</title>

    <link type="text/css" href="testng-reports1.css" rel="stylesheet" id="ultra" />
    <link type="text/css" href="testng-reports.css" rel="stylesheet" id="retro" disabled="false"/>
    <script type="text/javascript" src="jquery-3.4.1.min.js"></script>
    <script type="text/javascript" src="testng-reports.js"></script>
    <script type="text/javascript" src="https://www.google.com/jsapi"></script>
    <script type='text/javascript'>
      google.load('visualization', '1', {packages:['table']});
      google.setOnLoadCallback(drawTable);
      var suiteTableInitFunctions = new Array();
      var suiteTableData = new Array();
    </script>
    <!--
      <script type="text/javascript" src="jquery-ui/js/jquery-ui-1.8.16.custom.min.js"></script>
     -->
  </head>

  <body>
    <div class="top-banner-root">
      <span class="top-banner-title-font">Test results</span>
      <button class="button" id="button">Switch Retro Theme</button> <!-- button -->
      <br/>
      <span class="top-banner-font-1">1 suite, 15 failed tests</span>
    </div> <!-- top-banner-root -->
    <div class="navigator-root">
      <div class="navigator-suite-header">
        <span>All suites</span>
        <a href="#" class="collapse-all-link" title="Collapse/expand all the suites">
          <img class="collapse-all-icon" src="collapseall.gif">
          </img> <!-- collapse-all-icon -->
        </a> <!-- collapse-all-link -->
      </div> <!-- navigator-suite-header -->
      <div class="suite">
        <div class="rounded-window">
          <div class="suite-header light-rounded-window-top">
            <a href="#" class="navigator-link" panel-name="suite-Default_suite">
              <span class="suite-name border-failed">Default suite</span>
            </a> <!-- navigator-link -->
          </div> <!-- suite-header light-rounded-window-top -->
          <div class="navigator-suite-content">
            <div class="suite-section-title">
              <span>Info</span>
            </div> <!-- suite-section-title -->
            <div class="suite-section-content">
              <ul>
                <li>
                  <a href="#" class="navigator-link " panel-name="test-xml-Default_suite">
                    <span>C:\Users\Harshal\AppData\Local\Temp\testng-eclipse--983684802\testng-customsuite.xml</span>
                  </a> <!-- navigator-link  -->
                </li>
                <li>
                  <a href="#" class="navigator-link " panel-name="testlist-Default_suite">
                    <span class="test-stats">1 test</span>
                  </a> <!-- navigator-link  -->
                </li>
                <li>
                  <a href="#" class="navigator-link " panel-name="group-Default_suite">
                    <span>0 groups</span>
                  </a> <!-- navigator-link  -->
                </li>
                <li>
                  <a href="#" class="navigator-link " panel-name="times-Default_suite">
                    <span>Times</span>
                  </a> <!-- navigator-link  -->
                </li>
                <li>
                  <a href="#" class="navigator-link " panel-name="reporter-Default_suite">
                    <span>Reporter output</span>
                  </a> <!-- navigator-link  -->
                </li>
                <li>
                  <a href="#" class="navigator-link " panel-name="ignored-methods-Default_suite">
                    <span>Ignored methods</span>
                  </a> <!-- navigator-link  -->
                </li>
                <li>
                  <a href="#" class="navigator-link " panel-name="chronological-Default_suite">
                    <span>Chronological view</span>
                  </a> <!-- navigator-link  -->
                </li>
              </ul>
            </div> <!-- suite-section-content -->
            <div class="result-section">
              <div class="suite-section-title">
                <span>Results</span>
              </div> <!-- suite-section-title -->
              <div class="suite-section-content">
                <ul>
                  <li>
                    <span class="method-stats">40 methods, 15 failed,   25 passed</span>
                  </li>
                  <li>
                    <span class="method-list-title failed">Failed methods</span>
                    <span class="show-or-hide-methods failed">
                      <a href="#" panel-name="suite-Default_suite" class="hide-methods failed suite-Default_suite"> (hide)</a> <!-- hide-methods failed suite-Default_suite -->
                      <a href="#" panel-name="suite-Default_suite" class="show-methods failed suite-Default_suite"> (show)</a> <!-- show-methods failed suite-Default_suite -->
                    </span>
                    <div class="method-list-content failed suite-Default_suite">
                      <span>
                        <img width="3%" src="failed.png"/>
                        <a href="#" class="method navigator-link" panel-name="suite-Default_suite" title="com.plp.tests.ProductPageValidation" hash-for-method="CartAddDate">CartAddDate</a> <!-- method navigator-link -->
                      </span>
                      <br/>
                      <span>
                        <img width="3%" src="failed.png"/>
                        <a href="#" class="method navigator-link" panel-name="suite-Default_suite" title="com.plp.tests.ProductPageValidation" hash-for-method="ProductNavigation(Canon EOS 5D)">ProductNavigation(Canon EOS 5D)</a> <!-- method navigator-link -->
                      </span>
                      <br/>
                      <span>
                        <img width="3%" src="failed.png"/>
                        <a href="#" class="method navigator-link" panel-name="suite-Default_suite" title="com.plp.tests.ProductPageValidation" hash-for-method="VerifyAddToCart(Canon EOS 5D)">VerifyAddToCart(Canon EOS 5D)</a> <!-- method navigator-link -->
                      </span>
                      <br/>
                      <span>
                        <img width="3%" src="failed.png"/>
                        <a href="#" class="method navigator-link" panel-name="suite-Default_suite" title="com.plp.tests.ProductPageValidation" hash-for-method="VerifyFields">VerifyFields</a> <!-- method navigator-link -->
                      </span>
                      <br/>
                      <span>
                        <img width="3%" src="failed.png"/>
                        <a href="#" class="method navigator-link" panel-name="suite-Default_suite" title="com.plp.tests.ProductPageValidation" hash-for-method="VerifyReviews(Canon EOS 5D)">VerifyReviews(Canon EOS 5D)</a> <!-- method navigator-link -->
                      </span>
                      <br/>
                      <span>
                        <img width="3%" src="failed.png"/>
                        <a href="#" class="method navigator-link" panel-name="suite-Default_suite" title="com.plp.tests.ProductPageValidation" hash-for-method="VerifyReviews(iMac)">VerifyReviews(iMac)</a> <!-- method navigator-link -->
                      </span>
                      <br/>
                      <span>
                        <img width="3%" src="failed.png"/>
                        <a href="#" class="method navigator-link" panel-name="suite-Default_suite" title="com.plp.tests.ProductPageValidation" hash-for-method="VerifyReviews(HP LP3065)">VerifyReviews(HP LP3065)</a> <!-- method navigator-link -->
                      </span>
                      <br/>
                      <span>
                        <img width="3%" src="failed.png"/>
                        <a href="#" class="method navigator-link" panel-name="suite-Default_suite" title="com.plp.tests.ProductPageValidation" hash-for-method="VerifyReviews(MacBook)">VerifyReviews(MacBook)</a> <!-- method navigator-link -->
                      </span>
                      <br/>
                      <span>
                        <img width="3%" src="failed.png"/>
                        <a href="#" class="method navigator-link" panel-name="suite-Default_suite" title="com.plp.tests.ProductPageValidation" hash-for-method="VerifyReviews(MacBook Air)">VerifyReviews(MacBook Air)</a> <!-- method navigator-link -->
                      </span>
                      <br/>
                      <span>
                        <img width="3%" src="failed.png"/>
                        <a href="#" class="method navigator-link" panel-name="suite-Default_suite" title="com.plp.tests.ProductPageValidation" hash-for-method="VerifyReviews(Samsung Galaxy Tab 10.1)">VerifyReviews(Samsung Galaxy Tab 10.1)</a> <!-- method navigator-link -->
                      </span>
                      <br/>
                      <span>
                        <img width="3%" src="failed.png"/>
                        <a href="#" class="method navigator-link" panel-name="suite-Default_suite" title="com.plp.tests.ProductPageValidation" hash-for-method="verifyQuantity">verifyQuantity</a> <!-- method navigator-link -->
                      </span>
                      <br/>
                      <span>
                        <img width="3%" src="failed.png"/>
                        <a href="#" class="method navigator-link" panel-name="suite-Default_suite" title="com.plp.tests.ProductPageValidation" hash-for-method="verifySpecification(MacBook Air)">verifySpecification(MacBook Air)</a> <!-- method navigator-link -->
                      </span>
                      <br/>
                      <span>
                        <img width="3%" src="failed.png"/>
                        <a href="#" class="method navigator-link" panel-name="suite-Default_suite" title="com.plp.tests.ProductPageValidation" hash-for-method="verifySpecification(Canon EOS 5D)">verifySpecification(Canon EOS 5D)</a> <!-- method navigator-link -->
                      </span>
                      <br/>
                      <span>
                        <img width="3%" src="failed.png"/>
                        <a href="#" class="method navigator-link" panel-name="suite-Default_suite" title="com.plp.tests.ProductPageValidation" hash-for-method="verifySpecification(Samsung Galaxy Tab 10.1)">verifySpecification(Samsung Galaxy Tab 10.1)</a> <!-- method navigator-link -->
                      </span>
                      <br/>
                      <span>
                        <img width="3%" src="failed.png"/>
                        <a href="#" class="method navigator-link" panel-name="suite-Default_suite" title="com.plp.tests.ProductPageValidation" hash-for-method="verifySpecification(iMac)">verifySpecification(iMac)</a> <!-- method navigator-link -->
                      </span>
                      <br/>
                    </div> <!-- method-list-content failed suite-Default_suite -->
                  </li>
                  <li>
                    <span class="method-list-title passed">Passed methods</span>
                    <span class="show-or-hide-methods passed">
                      <a href="#" panel-name="suite-Default_suite" class="hide-methods passed suite-Default_suite"> (hide)</a> <!-- hide-methods passed suite-Default_suite -->
                      <a href="#" panel-name="suite-Default_suite" class="show-methods passed suite-Default_suite"> (show)</a> <!-- show-methods passed suite-Default_suite -->
                    </span>
                    <div class="method-list-content passed suite-Default_suite">
                      <span>
                        <img width="3%" src="passed.png"/>
                        <a href="#" class="method navigator-link" panel-name="suite-Default_suite" title="com.plp.tests.ProductPageValidation" hash-for-method="ProductNavigation(MacBook)">ProductNavigation(MacBook)</a> <!-- method navigator-link -->
                      </span>
                      <br/>
                      <span>
                        <img width="3%" src="passed.png"/>
                        <a href="#" class="method navigator-link" panel-name="suite-Default_suite" title="com.plp.tests.ProductPageValidation" hash-for-method="ProductNavigation(iMac)">ProductNavigation(iMac)</a> <!-- method navigator-link -->
                      </span>
                      <br/>
                      <span>
                        <img width="3%" src="passed.png"/>
                        <a href="#" class="method navigator-link" panel-name="suite-Default_suite" title="com.plp.tests.ProductPageValidation" hash-for-method="ProductNavigation(MacBook Air)">ProductNavigation(MacBook Air)</a> <!-- method navigator-link -->
                      </span>
                      <br/>
                      <span>
                        <img width="3%" src="passed.png"/>
                        <a href="#" class="method navigator-link" panel-name="suite-Default_suite" title="com.plp.tests.ProductPageValidation" hash-for-method="ProductNavigation(HP LP3065)">ProductNavigation(HP LP3065)</a> <!-- method navigator-link -->
                      </span>
                      <br/>
                      <span>
                        <img width="3%" src="passed.png"/>
                        <a href="#" class="method navigator-link" panel-name="suite-Default_suite" title="com.plp.tests.ProductPageValidation" hash-for-method="ProductNavigation(Samsung Galaxy Tab 10.1)">ProductNavigation(Samsung Galaxy Tab 10.1)</a> <!-- method navigator-link -->
                      </span>
                      <br/>
                      <span>
                        <img width="3%" src="passed.png"/>
                        <a href="#" class="method navigator-link" panel-name="suite-Default_suite" title="com.plp.tests.ProductPageValidation" hash-for-method="ReviewFunc(MacBook Air)">ReviewFunc(MacBook Air)</a> <!-- method navigator-link -->
                      </span>
                      <br/>
                      <span>
                        <img width="3%" src="passed.png"/>
                        <a href="#" class="method navigator-link" panel-name="suite-Default_suite" title="com.plp.tests.ProductPageValidation" hash-for-method="ReviewFunc(HP LP3065)">ReviewFunc(HP LP3065)</a> <!-- method navigator-link -->
                      </span>
                      <br/>
                      <span>
                        <img width="3%" src="passed.png"/>
                        <a href="#" class="method navigator-link" panel-name="suite-Default_suite" title="com.plp.tests.ProductPageValidation" hash-for-method="ReviewFunc(MacBook)">ReviewFunc(MacBook)</a> <!-- method navigator-link -->
                      </span>
                      <br/>
                      <span>
                        <img width="3%" src="passed.png"/>
                        <a href="#" class="method navigator-link" panel-name="suite-Default_suite" title="com.plp.tests.ProductPageValidation" hash-for-method="ReviewFunc(Canon EOS 5D)">ReviewFunc(Canon EOS 5D)</a> <!-- method navigator-link -->
                      </span>
                      <br/>
                      <span>
                        <img width="3%" src="passed.png"/>
                        <a href="#" class="method navigator-link" panel-name="suite-Default_suite" title="com.plp.tests.ProductPageValidation" hash-for-method="ReviewFunc(Samsung Galaxy Tab 10.1)">ReviewFunc(Samsung Galaxy Tab 10.1)</a> <!-- method navigator-link -->
                      </span>
                      <br/>
                      <span>
                        <img width="3%" src="passed.png"/>
                        <a href="#" class="method navigator-link" panel-name="suite-Default_suite" title="com.plp.tests.ProductPageValidation" hash-for-method="ReviewFunc(iMac)">ReviewFunc(iMac)</a> <!-- method navigator-link -->
                      </span>
                      <br/>
                      <span>
                        <img width="3%" src="passed.png"/>
                        <a href="#" class="method navigator-link" panel-name="suite-Default_suite" title="com.plp.tests.ProductPageValidation" hash-for-method="VerifyAddToCart(Samsung Galaxy Tab 10.1)">VerifyAddToCart(Samsung Galaxy Tab 10.1)</a> <!-- method navigator-link -->
                      </span>
                      <br/>
                      <span>
                        <img width="3%" src="passed.png"/>
                        <a href="#" class="method navigator-link" panel-name="suite-Default_suite" title="com.plp.tests.ProductPageValidation" hash-for-method="VerifyAddToCart(iMac)">VerifyAddToCart(iMac)</a> <!-- method navigator-link -->
                      </span>
                      <br/>
                      <span>
                        <img width="3%" src="passed.png"/>
                        <a href="#" class="method navigator-link" panel-name="suite-Default_suite" title="com.plp.tests.ProductPageValidation" hash-for-method="VerifyAddToCart(MacBook Air)">VerifyAddToCart(MacBook Air)</a> <!-- method navigator-link -->
                      </span>
                      <br/>
                      <span>
                        <img width="3%" src="passed.png"/>
                        <a href="#" class="method navigator-link" panel-name="suite-Default_suite" title="com.plp.tests.ProductPageValidation" hash-for-method="VerifyAddToCart(MacBook)">VerifyAddToCart(MacBook)</a> <!-- method navigator-link -->
                      </span>
                      <br/>
                      <span>
                        <img width="3%" src="passed.png"/>
                        <a href="#" class="method navigator-link" panel-name="suite-Default_suite" title="com.plp.tests.ProductPageValidation" hash-for-method="VerifyAddToCart(HP LP3065)">VerifyAddToCart(HP LP3065)</a> <!-- method navigator-link -->
                      </span>
                      <br/>
                      <span>
                        <img width="3%" src="passed.png"/>
                        <a href="#" class="method navigator-link" panel-name="suite-Default_suite" title="com.plp.tests.ProductPageValidation" hash-for-method="verifyDescription(HP LP3065)">verifyDescription(HP LP3065)</a> <!-- method navigator-link -->
                      </span>
                      <br/>
                      <span>
                        <img width="3%" src="passed.png"/>
                        <a href="#" class="method navigator-link" panel-name="suite-Default_suite" title="com.plp.tests.ProductPageValidation" hash-for-method="verifyDescription(Samsung Galaxy Tab 10.1)">verifyDescription(Samsung Galaxy Tab 10.1)</a> <!-- method navigator-link -->
                      </span>
                      <br/>
                      <span>
                        <img width="3%" src="passed.png"/>
                        <a href="#" class="method navigator-link" panel-name="suite-Default_suite" title="com.plp.tests.ProductPageValidation" hash-for-method="verifyDescription(iMac)">verifyDescription(iMac)</a> <!-- method navigator-link -->
                      </span>
                      <br/>
                      <span>
                        <img width="3%" src="passed.png"/>
                        <a href="#" class="method navigator-link" panel-name="suite-Default_suite" title="com.plp.tests.ProductPageValidation" hash-for-method="verifyDescription(MacBook)">verifyDescription(MacBook)</a> <!-- method navigator-link -->
                      </span>
                      <br/>
                      <span>
                        <img width="3%" src="passed.png"/>
                        <a href="#" class="method navigator-link" panel-name="suite-Default_suite" title="com.plp.tests.ProductPageValidation" hash-for-method="verifyDescription(Canon EOS 5D)">verifyDescription(Canon EOS 5D)</a> <!-- method navigator-link -->
                      </span>
                      <br/>
                      <span>
                        <img width="3%" src="passed.png"/>
                        <a href="#" class="method navigator-link" panel-name="suite-Default_suite" title="com.plp.tests.ProductPageValidation" hash-for-method="verifyDescription(MacBook Air)">verifyDescription(MacBook Air)</a> <!-- method navigator-link -->
                      </span>
                      <br/>
                      <span>
                        <img width="3%" src="passed.png"/>
                        <a href="#" class="method navigator-link" panel-name="suite-Default_suite" title="com.plp.tests.ProductPageValidation" hash-for-method="verifyMandatoryFields">verifyMandatoryFields</a> <!-- method navigator-link -->
                      </span>
                      <br/>
                      <span>
                        <img width="3%" src="passed.png"/>
                        <a href="#" class="method navigator-link" panel-name="suite-Default_suite" title="com.plp.tests.ProductPageValidation" hash-for-method="verifySpecification(MacBook)">verifySpecification(MacBook)</a> <!-- method navigator-link -->
                      </span>
                      <br/>
                      <span>
                        <img width="3%" src="passed.png"/>
                        <a href="#" class="method navigator-link" panel-name="suite-Default_suite" title="com.plp.tests.ProductPageValidation" hash-for-method="verifySpecification(HP LP3065)">verifySpecification(HP LP3065)</a> <!-- method navigator-link -->
                      </span>
                      <br/>
                    </div> <!-- method-list-content passed suite-Default_suite -->
                  </li>
                </ul>
              </div> <!-- suite-section-content -->
            </div> <!-- result-section -->
          </div> <!-- navigator-suite-content -->
        </div> <!-- rounded-window -->
      </div> <!-- suite -->
    </div> <!-- navigator-root -->
    <div class="wrapper">
      <div class="main-panel-root">
        <div panel-name="suite-Default_suite" class="panel Default_suite">
          <div class="suite-Default_suite-class-failed">
            <div class="main-panel-header rounded-window-top">
              <img src="failed.png"/>
              <span class="class-name">com.plp.tests.ProductPageValidation</span>
            </div> <!-- main-panel-header rounded-window-top -->
            <div class="main-panel-content rounded-window-bottom">
              <div class="method">
                <div class="method-content">
                  <a name="CartAddDate">
                  </a> <!-- CartAddDate -->
                  <span class="method-name">CartAddDate</span>
                  <div class="stack-trace">java.lang.AssertionError: Website is accepting previous delivery date
	at org.testng.Assert.fail(Assert.java:99)
	at com.plp.tests.ProductPageValidation.CartAddDate(ProductPageValidation.java:163)
	at sun.reflect.NativeMethodAccessorImpl.invoke0(Native Method)
	at sun.reflect.NativeMethodAccessorImpl.invoke(Unknown Source)
	at sun.reflect.DelegatingMethodAccessorImpl.invoke(Unknown Source)
	at java.lang.reflect.Method.invoke(Unknown Source)
	at org.testng.internal.MethodInvocationHelper.invokeMethod(MethodInvocationHelper.java:132)
	at org.testng.internal.TestInvoker.invokeMethod(TestInvoker.java:599)
	at org.testng.internal.TestInvoker.invokeTestMethod(TestInvoker.java:174)
	at org.testng.internal.MethodRunner.runInSequence(MethodRunner.java:46)
	at org.testng.internal.TestInvoker$MethodInvocationAgent.invoke(TestInvoker.java:822)
	at org.testng.internal.TestInvoker.invokeTestMethods(TestInvoker.java:147)
	at org.testng.internal.TestMethodWorker.invokeTestMethods(TestMethodWorker.java:146)
	at org.testng.internal.TestMethodWorker.run(TestMethodWorker.java:128)
	at java.util.ArrayList.forEach(Unknown Source)
	at org.testng.TestRunner.privateRun(TestRunner.java:764)
	at org.testng.TestRunner.run(TestRunner.java:585)
	at org.testng.SuiteRunner.runTest(SuiteRunner.java:384)
	at org.testng.SuiteRunner.runSequentially(SuiteRunner.java:378)
	at org.testng.SuiteRunner.privateRun(SuiteRunner.java:337)
	at org.testng.SuiteRunner.run(SuiteRunner.java:286)
	at org.testng.SuiteRunnerWorker.runSuite(SuiteRunnerWorker.java:53)
	at org.testng.SuiteRunnerWorker.run(SuiteRunnerWorker.java:96)
	at org.testng.TestNG.runSuitesSequentially(TestNG.java:1218)
	at org.testng.TestNG.runSuitesLocally(TestNG.java:1140)
	at org.testng.TestNG.runSuites(TestNG.java:1069)
	at org.testng.TestNG.run(TestNG.java:1037)
	at org.testng.remote.AbstractRemoteTestNG.run(AbstractRemoteTestNG.java:115)
	at org.testng.remote.RemoteTestNG.initAndRun(RemoteTestNG.java:251)
	at org.testng.remote.RemoteTestNG.main(RemoteTestNG.java:77)

</div> <!-- stack-trace -->
                </div> <!-- method-content -->
              </div> <!-- method -->
              <div class="method">
                <div class="method-content">
                  <a name="ProductNavigation(Canon EOS 5D)">
                  </a> <!-- ProductNavigation(Canon EOS 5D) -->
                  <span class="method-name">ProductNavigation</span>
                  <span class="parameters">(Canon EOS 5D)</span>
                  <div class="stack-trace">java.lang.AssertionError: expected [sdf] but found [Canon EOS 5D]
	at org.testng.Assert.fail(Assert.java:99)
	at org.testng.Assert.failNotEquals(Assert.java:1037)
	at org.testng.Assert.assertEqualsImpl(Assert.java:140)
	at org.testng.Assert.assertEquals(Assert.java:122)
	at org.testng.Assert.assertEquals(Assert.java:629)
	at org.testng.Assert.assertEquals(Assert.java:639)
	at com.plp.tests.ProductPageValidation.ProductNavigation(ProductPageValidation.java:37)
	at sun.reflect.NativeMethodAccessorImpl.invoke0(Native Method)
	at sun.reflect.NativeMethodAccessorImpl.invoke(Unknown Source)
	at sun.reflect.DelegatingMethodAccessorImpl.invoke(Unknown Source)
	at java.lang.reflect.Method.invoke(Unknown Source)
	at org.testng.internal.MethodInvocationHelper.invokeMethod(MethodInvocationHelper.java:132)
	at org.testng.internal.TestInvoker.invokeMethod(TestInvoker.java:599)
	at org.testng.internal.TestInvoker.invokeTestMethod(TestInvoker.java:174)
	at org.testng.internal.MethodRunner.runInSequence(MethodRunner.java:46)
	at org.testng.internal.TestInvoker$MethodInvocationAgent.invoke(TestInvoker.java:822)
	at org.testng.internal.TestInvoker.invokeTestMethods(TestInvoker.java:147)
	at org.testng.internal.TestMethodWorker.invokeTestMethods(TestMethodWorker.java:146)
	at org.testng.internal.TestMethodWorker.run(TestMethodWorker.java:128)
	at java.util.ArrayList.forEach(Unknown Source)
	at org.testng.TestRunner.privateRun(TestRunner.java:764)
	at org.testng.TestRunner.run(TestRunner.java:585)
	at org.testng.SuiteRunner.runTest(SuiteRunner.java:384)
	at org.testng.SuiteRunner.runSequentially(SuiteRunner.java:378)
	at org.testng.SuiteRunner.privateRun(SuiteRunner.java:337)
	at org.testng.SuiteRunner.run(SuiteRunner.java:286)
	at org.testng.SuiteRunnerWorker.runSuite(SuiteRunnerWorker.java:53)
	at org.testng.SuiteRunnerWorker.run(SuiteRunnerWorker.java:96)
	at org.testng.TestNG.runSuitesSequentially(TestNG.java:1218)
	at org.testng.TestNG.runSuitesLocally(TestNG.java:1140)
	at org.testng.TestNG.runSuites(TestNG.java:1069)
	at org.testng.TestNG.run(TestNG.java:1037)
	at org.testng.remote.AbstractRemoteTestNG.run(AbstractRemoteTestNG.java:115)
	at org.testng.remote.RemoteTestNG.initAndRun(RemoteTestNG.java:251)
	at org.testng.remote.RemoteTestNG.main(RemoteTestNG.java:77)

</div> <!-- stack-trace -->
                </div> <!-- method-content -->
              </div> <!-- method -->
              <div class="method">
                <div class="method-content">
                  <a name="VerifyAddToCart(Canon EOS 5D)">
                  </a> <!-- VerifyAddToCart(Canon EOS 5D) -->
                  <span class="method-name">VerifyAddToCart</span>
                  <span class="parameters">(Canon EOS 5D)</span>
                  <div class="stack-trace">java.lang.AssertionError: Product is not added to the cart
	at org.testng.Assert.fail(Assert.java:99)
	at com.plp.tests.ProductPageValidation.VerifyAddToCart(ProductPageValidation.java:132)
	at sun.reflect.NativeMethodAccessorImpl.invoke0(Native Method)
	at sun.reflect.NativeMethodAccessorImpl.invoke(Unknown Source)
	at sun.reflect.DelegatingMethodAccessorImpl.invoke(Unknown Source)
	at java.lang.reflect.Method.invoke(Unknown Source)
	at org.testng.internal.MethodInvocationHelper.invokeMethod(MethodInvocationHelper.java:132)
	at org.testng.internal.TestInvoker.invokeMethod(TestInvoker.java:599)
	at org.testng.internal.TestInvoker.invokeTestMethod(TestInvoker.java:174)
	at org.testng.internal.MethodRunner.runInSequence(MethodRunner.java:46)
	at org.testng.internal.TestInvoker$MethodInvocationAgent.invoke(TestInvoker.java:822)
	at org.testng.internal.TestInvoker.invokeTestMethods(TestInvoker.java:147)
	at org.testng.internal.TestMethodWorker.invokeTestMethods(TestMethodWorker.java:146)
	at org.testng.internal.TestMethodWorker.run(TestMethodWorker.java:128)
	at java.util.ArrayList.forEach(Unknown Source)
	at org.testng.TestRunner.privateRun(TestRunner.java:764)
	at org.testng.TestRunner.run(TestRunner.java:585)
	at org.testng.SuiteRunner.runTest(SuiteRunner.java:384)
	at org.testng.SuiteRunner.runSequentially(SuiteRunner.java:378)
	at org.testng.SuiteRunner.privateRun(SuiteRunner.java:337)
	at org.testng.SuiteRunner.run(SuiteRunner.java:286)
	at org.testng.SuiteRunnerWorker.runSuite(SuiteRunnerWorker.java:53)
	at org.testng.SuiteRunnerWorker.run(SuiteRunnerWorker.java:96)
	at org.testng.TestNG.runSuitesSequentially(TestNG.java:1218)
	at org.testng.TestNG.runSuitesLocally(TestNG.java:1140)
	at org.testng.TestNG.runSuites(TestNG.java:1069)
	at org.testng.TestNG.run(TestNG.java:1037)
	at org.testng.remote.AbstractRemoteTestNG.run(AbstractRemoteTestNG.java:115)
	at org.testng.remote.RemoteTestNG.initAndRun(RemoteTestNG.java:251)
	at org.testng.remote.RemoteTestNG.main(RemoteTestNG.java:77)

</div> <!-- stack-trace -->
                </div> <!-- method-content -->
              </div> <!-- method -->
              <div class="method">
                <div class="method-content">
                  <a name="VerifyFields">
                  </a> <!-- VerifyFields -->
                  <span class="method-name">VerifyFields</span>
                  <div class="stack-trace">java.lang.AssertionError: First Name Field is Accepting Numeric Data
	at org.testng.Assert.fail(Assert.java:99)
	at com.plp.tests.ProductPageValidation.VerifyFields(ProductPageValidation.java:118)
	at sun.reflect.NativeMethodAccessorImpl.invoke0(Native Method)
	at sun.reflect.NativeMethodAccessorImpl.invoke(Unknown Source)
	at sun.reflect.DelegatingMethodAccessorImpl.invoke(Unknown Source)
	at java.lang.reflect.Method.invoke(Unknown Source)
	at org.testng.internal.MethodInvocationHelper.invokeMethod(MethodInvocationHelper.java:132)
	at org.testng.internal.TestInvoker.invokeMethod(TestInvoker.java:599)
	at org.testng.internal.TestInvoker.invokeTestMethod(TestInvoker.java:174)
	at org.testng.internal.MethodRunner.runInSequence(MethodRunner.java:46)
	at org.testng.internal.TestInvoker$MethodInvocationAgent.invoke(TestInvoker.java:822)
	at org.testng.internal.TestInvoker.invokeTestMethods(TestInvoker.java:147)
	at org.testng.internal.TestMethodWorker.invokeTestMethods(TestMethodWorker.java:146)
	at org.testng.internal.TestMethodWorker.run(TestMethodWorker.java:128)
	at java.util.ArrayList.forEach(Unknown Source)
	at org.testng.TestRunner.privateRun(TestRunner.java:764)
	at org.testng.TestRunner.run(TestRunner.java:585)
	at org.testng.SuiteRunner.runTest(SuiteRunner.java:384)
	at org.testng.SuiteRunner.runSequentially(SuiteRunner.java:378)
	at org.testng.SuiteRunner.privateRun(SuiteRunner.java:337)
	at org.testng.SuiteRunner.run(SuiteRunner.java:286)
	at org.testng.SuiteRunnerWorker.runSuite(SuiteRunnerWorker.java:53)
	at org.testng.SuiteRunnerWorker.run(SuiteRunnerWorker.java:96)
	at org.testng.TestNG.runSuitesSequentially(TestNG.java:1218)
	at org.testng.TestNG.runSuitesLocally(TestNG.java:1140)
	at org.testng.TestNG.runSuites(TestNG.java:1069)
	at org.testng.TestNG.run(TestNG.java:1037)
	at org.testng.remote.AbstractRemoteTestNG.run(AbstractRemoteTestNG.java:115)
	at org.testng.remote.RemoteTestNG.initAndRun(RemoteTestNG.java:251)
	at org.testng.remote.RemoteTestNG.main(RemoteTestNG.java:77)

</div> <!-- stack-trace -->
                </div> <!-- method-content -->
              </div> <!-- method -->
              <div class="method">
                <div class="method-content">
                  <a name="VerifyReviews(Canon EOS 5D)">
                  </a> <!-- VerifyReviews(Canon EOS 5D) -->
                  <span class="method-name">VerifyReviews</span>
                  <span class="parameters">(Canon EOS 5D)</span>
                  <div class="stack-trace">java.lang.AssertionError: Reviews are not available
	at org.testng.Assert.fail(Assert.java:99)
	at com.plp.tests.ProductPageValidation.VerifyReviews(ProductPageValidation.java:80)
	at sun.reflect.NativeMethodAccessorImpl.invoke0(Native Method)
	at sun.reflect.NativeMethodAccessorImpl.invoke(Unknown Source)
	at sun.reflect.DelegatingMethodAccessorImpl.invoke(Unknown Source)
	at java.lang.reflect.Method.invoke(Unknown Source)
	at org.testng.internal.MethodInvocationHelper.invokeMethod(MethodInvocationHelper.java:132)
	at org.testng.internal.TestInvoker.invokeMethod(TestInvoker.java:599)
	at org.testng.internal.TestInvoker.invokeTestMethod(TestInvoker.java:174)
	at org.testng.internal.MethodRunner.runInSequence(MethodRunner.java:46)
	at org.testng.internal.TestInvoker$MethodInvocationAgent.invoke(TestInvoker.java:822)
	at org.testng.internal.TestInvoker.invokeTestMethods(TestInvoker.java:147)
	at org.testng.internal.TestMethodWorker.invokeTestMethods(TestMethodWorker.java:146)
	at org.testng.internal.TestMethodWorker.run(TestMethodWorker.java:128)
	at java.util.ArrayList.forEach(Unknown Source)
	at org.testng.TestRunner.privateRun(TestRunner.java:764)
	at org.testng.TestRunner.run(TestRunner.java:585)
	at org.testng.SuiteRunner.runTest(SuiteRunner.java:384)
	at org.testng.SuiteRunner.runSequentially(SuiteRunner.java:378)
	at org.testng.SuiteRunner.privateRun(SuiteRunner.java:337)
	at org.testng.SuiteRunner.run(SuiteRunner.java:286)
	at org.testng.SuiteRunnerWorker.runSuite(SuiteRunnerWorker.java:53)
	at org.testng.SuiteRunnerWorker.run(SuiteRunnerWorker.java:96)
	at org.testng.TestNG.runSuitesSequentially(TestNG.java:1218)
	at org.testng.TestNG.runSuitesLocally(TestNG.java:1140)
	at org.testng.TestNG.runSuites(TestNG.java:1069)
	at org.testng.TestNG.run(TestNG.java:1037)
	at org.testng.remote.AbstractRemoteTestNG.run(AbstractRemoteTestNG.java:115)
	at org.testng.remote.RemoteTestNG.initAndRun(RemoteTestNG.java:251)
	at org.testng.remote.RemoteTestNG.main(RemoteTestNG.java:77)

</div> <!-- stack-trace -->
                </div> <!-- method-content -->
              </div> <!-- method -->
              <div class="method">
                <div class="method-content">
                  <a name="VerifyReviews(iMac)">
                  </a> <!-- VerifyReviews(iMac) -->
                  <span class="method-name">VerifyReviews</span>
                  <span class="parameters">(iMac)</span>
                  <div class="stack-trace">java.lang.AssertionError: Reviews are not available
	at org.testng.Assert.fail(Assert.java:99)
	at com.plp.tests.ProductPageValidation.VerifyReviews(ProductPageValidation.java:80)
	at sun.reflect.NativeMethodAccessorImpl.invoke0(Native Method)
	at sun.reflect.NativeMethodAccessorImpl.invoke(Unknown Source)
	at sun.reflect.DelegatingMethodAccessorImpl.invoke(Unknown Source)
	at java.lang.reflect.Method.invoke(Unknown Source)
	at org.testng.internal.MethodInvocationHelper.invokeMethod(MethodInvocationHelper.java:132)
	at org.testng.internal.TestInvoker.invokeMethod(TestInvoker.java:599)
	at org.testng.internal.TestInvoker.invokeTestMethod(TestInvoker.java:174)
	at org.testng.internal.MethodRunner.runInSequence(MethodRunner.java:46)
	at org.testng.internal.TestInvoker$MethodInvocationAgent.invoke(TestInvoker.java:822)
	at org.testng.internal.TestInvoker.invokeTestMethods(TestInvoker.java:147)
	at org.testng.internal.TestMethodWorker.invokeTestMethods(TestMethodWorker.java:146)
	at org.testng.internal.TestMethodWorker.run(TestMethodWorker.java:128)
	at java.util.ArrayList.forEach(Unknown Source)
	at org.testng.TestRunner.privateRun(TestRunner.java:764)
	at org.testng.TestRunner.run(TestRunner.java:585)
	at org.testng.SuiteRunner.runTest(SuiteRunner.java:384)
	at org.testng.SuiteRunner.runSequentially(SuiteRunner.java:378)
	at org.testng.SuiteRunner.privateRun(SuiteRunner.java:337)
	at org.testng.SuiteRunner.run(SuiteRunner.java:286)
	at org.testng.SuiteRunnerWorker.runSuite(SuiteRunnerWorker.java:53)
	at org.testng.SuiteRunnerWorker.run(SuiteRunnerWorker.java:96)
	at org.testng.TestNG.runSuitesSequentially(TestNG.java:1218)
	at org.testng.TestNG.runSuitesLocally(TestNG.java:1140)
	at org.testng.TestNG.runSuites(TestNG.java:1069)
	at org.testng.TestNG.run(TestNG.java:1037)
	at org.testng.remote.AbstractRemoteTestNG.run(AbstractRemoteTestNG.java:115)
	at org.testng.remote.RemoteTestNG.initAndRun(RemoteTestNG.java:251)
	at org.testng.remote.RemoteTestNG.main(RemoteTestNG.java:77)

</div> <!-- stack-trace -->
                </div> <!-- method-content -->
              </div> <!-- method -->
              <div class="method">
                <div class="method-content">
                  <a name="VerifyReviews(HP LP3065)">
                  </a> <!-- VerifyReviews(HP LP3065) -->
                  <span class="method-name">VerifyReviews</span>
                  <span class="parameters">(HP LP3065)</span>
                  <div class="stack-trace">java.lang.AssertionError: Reviews are not available
	at org.testng.Assert.fail(Assert.java:99)
	at com.plp.tests.ProductPageValidation.VerifyReviews(ProductPageValidation.java:80)
	at sun.reflect.NativeMethodAccessorImpl.invoke0(Native Method)
	at sun.reflect.NativeMethodAccessorImpl.invoke(Unknown Source)
	at sun.reflect.DelegatingMethodAccessorImpl.invoke(Unknown Source)
	at java.lang.reflect.Method.invoke(Unknown Source)
	at org.testng.internal.MethodInvocationHelper.invokeMethod(MethodInvocationHelper.java:132)
	at org.testng.internal.TestInvoker.invokeMethod(TestInvoker.java:599)
	at org.testng.internal.TestInvoker.invokeTestMethod(TestInvoker.java:174)
	at org.testng.internal.MethodRunner.runInSequence(MethodRunner.java:46)
	at org.testng.internal.TestInvoker$MethodInvocationAgent.invoke(TestInvoker.java:822)
	at org.testng.internal.TestInvoker.invokeTestMethods(TestInvoker.java:147)
	at org.testng.internal.TestMethodWorker.invokeTestMethods(TestMethodWorker.java:146)
	at org.testng.internal.TestMethodWorker.run(TestMethodWorker.java:128)
	at java.util.ArrayList.forEach(Unknown Source)
	at org.testng.TestRunner.privateRun(TestRunner.java:764)
	at org.testng.TestRunner.run(TestRunner.java:585)
	at org.testng.SuiteRunner.runTest(SuiteRunner.java:384)
	at org.testng.SuiteRunner.runSequentially(SuiteRunner.java:378)
	at org.testng.SuiteRunner.privateRun(SuiteRunner.java:337)
	at org.testng.SuiteRunner.run(SuiteRunner.java:286)
	at org.testng.SuiteRunnerWorker.runSuite(SuiteRunnerWorker.java:53)
	at org.testng.SuiteRunnerWorker.run(SuiteRunnerWorker.java:96)
	at org.testng.TestNG.runSuitesSequentially(TestNG.java:1218)
	at org.testng.TestNG.runSuitesLocally(TestNG.java:1140)
	at org.testng.TestNG.runSuites(TestNG.java:1069)
	at org.testng.TestNG.run(TestNG.java:1037)
	at org.testng.remote.AbstractRemoteTestNG.run(AbstractRemoteTestNG.java:115)
	at org.testng.remote.RemoteTestNG.initAndRun(RemoteTestNG.java:251)
	at org.testng.remote.RemoteTestNG.main(RemoteTestNG.java:77)

</div> <!-- stack-trace -->
                </div> <!-- method-content -->
              </div> <!-- method -->
              <div class="method">
                <div class="method-content">
                  <a name="VerifyReviews(MacBook)">
                  </a> <!-- VerifyReviews(MacBook) -->
                  <span class="method-name">VerifyReviews</span>
                  <span class="parameters">(MacBook)</span>
                  <div class="stack-trace">java.lang.AssertionError: Reviews are not available
	at org.testng.Assert.fail(Assert.java:99)
	at com.plp.tests.ProductPageValidation.VerifyReviews(ProductPageValidation.java:80)
	at sun.reflect.NativeMethodAccessorImpl.invoke0(Native Method)
	at sun.reflect.NativeMethodAccessorImpl.invoke(Unknown Source)
	at sun.reflect.DelegatingMethodAccessorImpl.invoke(Unknown Source)
	at java.lang.reflect.Method.invoke(Unknown Source)
	at org.testng.internal.MethodInvocationHelper.invokeMethod(MethodInvocationHelper.java:132)
	at org.testng.internal.TestInvoker.invokeMethod(TestInvoker.java:599)
	at org.testng.internal.TestInvoker.invokeTestMethod(TestInvoker.java:174)
	at org.testng.internal.MethodRunner.runInSequence(MethodRunner.java:46)
	at org.testng.internal.TestInvoker$MethodInvocationAgent.invoke(TestInvoker.java:822)
	at org.testng.internal.TestInvoker.invokeTestMethods(TestInvoker.java:147)
	at org.testng.internal.TestMethodWorker.invokeTestMethods(TestMethodWorker.java:146)
	at org.testng.internal.TestMethodWorker.run(TestMethodWorker.java:128)
	at java.util.ArrayList.forEach(Unknown Source)
	at org.testng.TestRunner.privateRun(TestRunner.java:764)
	at org.testng.TestRunner.run(TestRunner.java:585)
	at org.testng.SuiteRunner.runTest(SuiteRunner.java:384)
	at org.testng.SuiteRunner.runSequentially(SuiteRunner.java:378)
	at org.testng.SuiteRunner.privateRun(SuiteRunner.java:337)
	at org.testng.SuiteRunner.run(SuiteRunner.java:286)
	at org.testng.SuiteRunnerWorker.runSuite(SuiteRunnerWorker.java:53)
	at org.testng.SuiteRunnerWorker.run(SuiteRunnerWorker.java:96)
	at org.testng.TestNG.runSuitesSequentially(TestNG.java:1218)
	at org.testng.TestNG.runSuitesLocally(TestNG.java:1140)
	at org.testng.TestNG.runSuites(TestNG.java:1069)
	at org.testng.TestNG.run(TestNG.java:1037)
	at org.testng.remote.AbstractRemoteTestNG.run(AbstractRemoteTestNG.java:115)
	at org.testng.remote.RemoteTestNG.initAndRun(RemoteTestNG.java:251)
	at org.testng.remote.RemoteTestNG.main(RemoteTestNG.java:77)

</div> <!-- stack-trace -->
                </div> <!-- method-content -->
              </div> <!-- method -->
              <div class="method">
                <div class="method-content">
                  <a name="VerifyReviews(MacBook Air)">
                  </a> <!-- VerifyReviews(MacBook Air) -->
                  <span class="method-name">VerifyReviews</span>
                  <span class="parameters">(MacBook Air)</span>
                  <div class="stack-trace">java.lang.AssertionError: Reviews are not available
	at org.testng.Assert.fail(Assert.java:99)
	at com.plp.tests.ProductPageValidation.VerifyReviews(ProductPageValidation.java:80)
	at sun.reflect.NativeMethodAccessorImpl.invoke0(Native Method)
	at sun.reflect.NativeMethodAccessorImpl.invoke(Unknown Source)
	at sun.reflect.DelegatingMethodAccessorImpl.invoke(Unknown Source)
	at java.lang.reflect.Method.invoke(Unknown Source)
	at org.testng.internal.MethodInvocationHelper.invokeMethod(MethodInvocationHelper.java:132)
	at org.testng.internal.TestInvoker.invokeMethod(TestInvoker.java:599)
	at org.testng.internal.TestInvoker.invokeTestMethod(TestInvoker.java:174)
	at org.testng.internal.MethodRunner.runInSequence(MethodRunner.java:46)
	at org.testng.internal.TestInvoker$MethodInvocationAgent.invoke(TestInvoker.java:822)
	at org.testng.internal.TestInvoker.invokeTestMethods(TestInvoker.java:147)
	at org.testng.internal.TestMethodWorker.invokeTestMethods(TestMethodWorker.java:146)
	at org.testng.internal.TestMethodWorker.run(TestMethodWorker.java:128)
	at java.util.ArrayList.forEach(Unknown Source)
	at org.testng.TestRunner.privateRun(TestRunner.java:764)
	at org.testng.TestRunner.run(TestRunner.java:585)
	at org.testng.SuiteRunner.runTest(SuiteRunner.java:384)
	at org.testng.SuiteRunner.runSequentially(SuiteRunner.java:378)
	at org.testng.SuiteRunner.privateRun(SuiteRunner.java:337)
	at org.testng.SuiteRunner.run(SuiteRunner.java:286)
	at org.testng.SuiteRunnerWorker.runSuite(SuiteRunnerWorker.java:53)
	at org.testng.SuiteRunnerWorker.run(SuiteRunnerWorker.java:96)
	at org.testng.TestNG.runSuitesSequentially(TestNG.java:1218)
	at org.testng.TestNG.runSuitesLocally(TestNG.java:1140)
	at org.testng.TestNG.runSuites(TestNG.java:1069)
	at org.testng.TestNG.run(TestNG.java:1037)
	at org.testng.remote.AbstractRemoteTestNG.run(AbstractRemoteTestNG.java:115)
	at org.testng.remote.RemoteTestNG.initAndRun(RemoteTestNG.java:251)
	at org.testng.remote.RemoteTestNG.main(RemoteTestNG.java:77)

</div> <!-- stack-trace -->
                </div> <!-- method-content -->
              </div> <!-- method -->
              <div class="method">
                <div class="method-content">
                  <a name="VerifyReviews(Samsung Galaxy Tab 10.1)">
                  </a> <!-- VerifyReviews(Samsung Galaxy Tab 10.1) -->
                  <span class="method-name">VerifyReviews</span>
                  <span class="parameters">(Samsung Galaxy Tab 10.1)</span>
                  <div class="stack-trace">java.lang.AssertionError: Reviews are not available
	at org.testng.Assert.fail(Assert.java:99)
	at com.plp.tests.ProductPageValidation.VerifyReviews(ProductPageValidation.java:80)
	at sun.reflect.NativeMethodAccessorImpl.invoke0(Native Method)
	at sun.reflect.NativeMethodAccessorImpl.invoke(Unknown Source)
	at sun.reflect.DelegatingMethodAccessorImpl.invoke(Unknown Source)
	at java.lang.reflect.Method.invoke(Unknown Source)
	at org.testng.internal.MethodInvocationHelper.invokeMethod(MethodInvocationHelper.java:132)
	at org.testng.internal.TestInvoker.invokeMethod(TestInvoker.java:599)
	at org.testng.internal.TestInvoker.invokeTestMethod(TestInvoker.java:174)
	at org.testng.internal.MethodRunner.runInSequence(MethodRunner.java:46)
	at org.testng.internal.TestInvoker$MethodInvocationAgent.invoke(TestInvoker.java:822)
	at org.testng.internal.TestInvoker.invokeTestMethods(TestInvoker.java:147)
	at org.testng.internal.TestMethodWorker.invokeTestMethods(TestMethodWorker.java:146)
	at org.testng.internal.TestMethodWorker.run(TestMethodWorker.java:128)
	at java.util.ArrayList.forEach(Unknown Source)
	at org.testng.TestRunner.privateRun(TestRunner.java:764)
	at org.testng.TestRunner.run(TestRunner.java:585)
	at org.testng.SuiteRunner.runTest(SuiteRunner.java:384)
	at org.testng.SuiteRunner.runSequentially(SuiteRunner.java:378)
	at org.testng.SuiteRunner.privateRun(SuiteRunner.java:337)
	at org.testng.SuiteRunner.run(SuiteRunner.java:286)
	at org.testng.SuiteRunnerWorker.runSuite(SuiteRunnerWorker.java:53)
	at org.testng.SuiteRunnerWorker.run(SuiteRunnerWorker.java:96)
	at org.testng.TestNG.runSuitesSequentially(TestNG.java:1218)
	at org.testng.TestNG.runSuitesLocally(TestNG.java:1140)
	at org.testng.TestNG.runSuites(TestNG.java:1069)
	at org.testng.TestNG.run(TestNG.java:1037)
	at org.testng.remote.AbstractRemoteTestNG.run(AbstractRemoteTestNG.java:115)
	at org.testng.remote.RemoteTestNG.initAndRun(RemoteTestNG.java:251)
	at org.testng.remote.RemoteTestNG.main(RemoteTestNG.java:77)

</div> <!-- stack-trace -->
                </div> <!-- method-content -->
              </div> <!-- method -->
              <div class="method">
                <div class="method-content">
                  <a name="verifyQuantity">
                  </a> <!-- verifyQuantity -->
                  <span class="method-name">verifyQuantity</span>
                  <div class="stack-trace">java.lang.AssertionError: Success Message is displayed Even without valid quantity
	at org.testng.Assert.fail(Assert.java:99)
	at com.plp.tests.ProductPageValidation.verifyQuantity(ProductPageValidation.java:186)
	at sun.reflect.NativeMethodAccessorImpl.invoke0(Native Method)
	at sun.reflect.NativeMethodAccessorImpl.invoke(Unknown Source)
	at sun.reflect.DelegatingMethodAccessorImpl.invoke(Unknown Source)
	at java.lang.reflect.Method.invoke(Unknown Source)
	at org.testng.internal.MethodInvocationHelper.invokeMethod(MethodInvocationHelper.java:132)
	at org.testng.internal.TestInvoker.invokeMethod(TestInvoker.java:599)
	at org.testng.internal.TestInvoker.invokeTestMethod(TestInvoker.java:174)
	at org.testng.internal.MethodRunner.runInSequence(MethodRunner.java:46)
	at org.testng.internal.TestInvoker$MethodInvocationAgent.invoke(TestInvoker.java:822)
	at org.testng.internal.TestInvoker.invokeTestMethods(TestInvoker.java:147)
	at org.testng.internal.TestMethodWorker.invokeTestMethods(TestMethodWorker.java:146)
	at org.testng.internal.TestMethodWorker.run(TestMethodWorker.java:128)
	at java.util.ArrayList.forEach(Unknown Source)
	at org.testng.TestRunner.privateRun(TestRunner.java:764)
	at org.testng.TestRunner.run(TestRunner.java:585)
	at org.testng.SuiteRunner.runTest(SuiteRunner.java:384)
	at org.testng.SuiteRunner.runSequentially(SuiteRunner.java:378)
	at org.testng.SuiteRunner.privateRun(SuiteRunner.java:337)
	at org.testng.SuiteRunner.run(SuiteRunner.java:286)
	at org.testng.SuiteRunnerWorker.runSuite(SuiteRunnerWorker.java:53)
	at org.testng.SuiteRunnerWorker.run(SuiteRunnerWorker.java:96)
	at org.testng.TestNG.runSuitesSequentially(TestNG.java:1218)
	at org.testng.TestNG.runSuitesLocally(TestNG.java:1140)
	at org.testng.TestNG.runSuites(TestNG.java:1069)
	at org.testng.TestNG.run(TestNG.java:1037)
	at org.testng.remote.AbstractRemoteTestNG.run(AbstractRemoteTestNG.java:115)
	at org.testng.remote.RemoteTestNG.initAndRun(RemoteTestNG.java:251)
	at org.testng.remote.RemoteTestNG.main(RemoteTestNG.java:77)

</div> <!-- stack-trace -->
                </div> <!-- method-content -->
              </div> <!-- method -->
              <div class="method">
                <div class="method-content">
                  <a name="verifySpecification(MacBook Air)">
                  </a> <!-- verifySpecification(MacBook Air) -->
                  <span class="method-name">verifySpecification</span>
                  <span class="parameters">(MacBook Air)</span>
                  <div class="stack-trace">java.lang.AssertionError: Specification field Not Active
	at org.testng.Assert.fail(Assert.java:99)
	at com.plp.tests.ProductPageValidation.verifySpecification(ProductPageValidation.java:66)
	at sun.reflect.NativeMethodAccessorImpl.invoke0(Native Method)
	at sun.reflect.NativeMethodAccessorImpl.invoke(Unknown Source)
	at sun.reflect.DelegatingMethodAccessorImpl.invoke(Unknown Source)
	at java.lang.reflect.Method.invoke(Unknown Source)
	at org.testng.internal.MethodInvocationHelper.invokeMethod(MethodInvocationHelper.java:132)
	at org.testng.internal.TestInvoker.invokeMethod(TestInvoker.java:599)
	at org.testng.internal.TestInvoker.invokeTestMethod(TestInvoker.java:174)
	at org.testng.internal.MethodRunner.runInSequence(MethodRunner.java:46)
	at org.testng.internal.TestInvoker$MethodInvocationAgent.invoke(TestInvoker.java:822)
	at org.testng.internal.TestInvoker.invokeTestMethods(TestInvoker.java:147)
	at org.testng.internal.TestMethodWorker.invokeTestMethods(TestMethodWorker.java:146)
	at org.testng.internal.TestMethodWorker.run(TestMethodWorker.java:128)
	at java.util.ArrayList.forEach(Unknown Source)
	at org.testng.TestRunner.privateRun(TestRunner.java:764)
	at org.testng.TestRunner.run(TestRunner.java:585)
	at org.testng.SuiteRunner.runTest(SuiteRunner.java:384)
	at org.testng.SuiteRunner.runSequentially(SuiteRunner.java:378)
	at org.testng.SuiteRunner.privateRun(SuiteRunner.java:337)
	at org.testng.SuiteRunner.run(SuiteRunner.java:286)
	at org.testng.SuiteRunnerWorker.runSuite(SuiteRunnerWorker.java:53)
	at org.testng.SuiteRunnerWorker.run(SuiteRunnerWorker.java:96)
	at org.testng.TestNG.runSuitesSequentially(TestNG.java:1218)
	at org.testng.TestNG.runSuitesLocally(TestNG.java:1140)
	at org.testng.TestNG.runSuites(TestNG.java:1069)
	at org.testng.TestNG.run(TestNG.java:1037)
	at org.testng.remote.AbstractRemoteTestNG.run(AbstractRemoteTestNG.java:115)
	at org.testng.remote.RemoteTestNG.initAndRun(RemoteTestNG.java:251)
	at org.testng.remote.RemoteTestNG.main(RemoteTestNG.java:77)

</div> <!-- stack-trace -->
                </div> <!-- method-content -->
              </div> <!-- method -->
              <div class="method">
                <div class="method-content">
                  <a name="verifySpecification(Canon EOS 5D)">
                  </a> <!-- verifySpecification(Canon EOS 5D) -->
                  <span class="method-name">verifySpecification</span>
                  <span class="parameters">(Canon EOS 5D)</span>
                  <div class="stack-trace">java.lang.AssertionError: Specification field Not Active
	at org.testng.Assert.fail(Assert.java:99)
	at com.plp.tests.ProductPageValidation.verifySpecification(ProductPageValidation.java:66)
	at sun.reflect.NativeMethodAccessorImpl.invoke0(Native Method)
	at sun.reflect.NativeMethodAccessorImpl.invoke(Unknown Source)
	at sun.reflect.DelegatingMethodAccessorImpl.invoke(Unknown Source)
	at java.lang.reflect.Method.invoke(Unknown Source)
	at org.testng.internal.MethodInvocationHelper.invokeMethod(MethodInvocationHelper.java:132)
	at org.testng.internal.TestInvoker.invokeMethod(TestInvoker.java:599)
	at org.testng.internal.TestInvoker.invokeTestMethod(TestInvoker.java:174)
	at org.testng.internal.MethodRunner.runInSequence(MethodRunner.java:46)
	at org.testng.internal.TestInvoker$MethodInvocationAgent.invoke(TestInvoker.java:822)
	at org.testng.internal.TestInvoker.invokeTestMethods(TestInvoker.java:147)
	at org.testng.internal.TestMethodWorker.invokeTestMethods(TestMethodWorker.java:146)
	at org.testng.internal.TestMethodWorker.run(TestMethodWorker.java:128)
	at java.util.ArrayList.forEach(Unknown Source)
	at org.testng.TestRunner.privateRun(TestRunner.java:764)
	at org.testng.TestRunner.run(TestRunner.java:585)
	at org.testng.SuiteRunner.runTest(SuiteRunner.java:384)
	at org.testng.SuiteRunner.runSequentially(SuiteRunner.java:378)
	at org.testng.SuiteRunner.privateRun(SuiteRunner.java:337)
	at org.testng.SuiteRunner.run(SuiteRunner.java:286)
	at org.testng.SuiteRunnerWorker.runSuite(SuiteRunnerWorker.java:53)
	at org.testng.SuiteRunnerWorker.run(SuiteRunnerWorker.java:96)
	at org.testng.TestNG.runSuitesSequentially(TestNG.java:1218)
	at org.testng.TestNG.runSuitesLocally(TestNG.java:1140)
	at org.testng.TestNG.runSuites(TestNG.java:1069)
	at org.testng.TestNG.run(TestNG.java:1037)
	at org.testng.remote.AbstractRemoteTestNG.run(AbstractRemoteTestNG.java:115)
	at org.testng.remote.RemoteTestNG.initAndRun(RemoteTestNG.java:251)
	at org.testng.remote.RemoteTestNG.main(RemoteTestNG.java:77)

</div> <!-- stack-trace -->
                </div> <!-- method-content -->
              </div> <!-- method -->
              <div class="method">
                <div class="method-content">
                  <a name="verifySpecification(Samsung Galaxy Tab 10.1)">
                  </a> <!-- verifySpecification(Samsung Galaxy Tab 10.1) -->
                  <span class="method-name">verifySpecification</span>
                  <span class="parameters">(Samsung Galaxy Tab 10.1)</span>
                  <div class="stack-trace">java.lang.AssertionError: Specification field Not Active
	at org.testng.Assert.fail(Assert.java:99)
	at com.plp.tests.ProductPageValidation.verifySpecification(ProductPageValidation.java:66)
	at sun.reflect.NativeMethodAccessorImpl.invoke0(Native Method)
	at sun.reflect.NativeMethodAccessorImpl.invoke(Unknown Source)
	at sun.reflect.DelegatingMethodAccessorImpl.invoke(Unknown Source)
	at java.lang.reflect.Method.invoke(Unknown Source)
	at org.testng.internal.MethodInvocationHelper.invokeMethod(MethodInvocationHelper.java:132)
	at org.testng.internal.TestInvoker.invokeMethod(TestInvoker.java:599)
	at org.testng.internal.TestInvoker.invokeTestMethod(TestInvoker.java:174)
	at org.testng.internal.MethodRunner.runInSequence(MethodRunner.java:46)
	at org.testng.internal.TestInvoker$MethodInvocationAgent.invoke(TestInvoker.java:822)
	at org.testng.internal.TestInvoker.invokeTestMethods(TestInvoker.java:147)
	at org.testng.internal.TestMethodWorker.invokeTestMethods(TestMethodWorker.java:146)
	at org.testng.internal.TestMethodWorker.run(TestMethodWorker.java:128)
	at java.util.ArrayList.forEach(Unknown Source)
	at org.testng.TestRunner.privateRun(TestRunner.java:764)
	at org.testng.TestRunner.run(TestRunner.java:585)
	at org.testng.SuiteRunner.runTest(SuiteRunner.java:384)
	at org.testng.SuiteRunner.runSequentially(SuiteRunner.java:378)
	at org.testng.SuiteRunner.privateRun(SuiteRunner.java:337)
	at org.testng.SuiteRunner.run(SuiteRunner.java:286)
	at org.testng.SuiteRunnerWorker.runSuite(SuiteRunnerWorker.java:53)
	at org.testng.SuiteRunnerWorker.run(SuiteRunnerWorker.java:96)
	at org.testng.TestNG.runSuitesSequentially(TestNG.java:1218)
	at org.testng.TestNG.runSuitesLocally(TestNG.java:1140)
	at org.testng.TestNG.runSuites(TestNG.java:1069)
	at org.testng.TestNG.run(TestNG.java:1037)
	at org.testng.remote.AbstractRemoteTestNG.run(AbstractRemoteTestNG.java:115)
	at org.testng.remote.RemoteTestNG.initAndRun(RemoteTestNG.java:251)
	at org.testng.remote.RemoteTestNG.main(RemoteTestNG.java:77)

</div> <!-- stack-trace -->
                </div> <!-- method-content -->
              </div> <!-- method -->
              <div class="method">
                <div class="method-content">
                  <a name="verifySpecification(iMac)">
                  </a> <!-- verifySpecification(iMac) -->
                  <span class="method-name">verifySpecification</span>
                  <span class="parameters">(iMac)</span>
                  <div class="stack-trace">java.lang.AssertionError: Specification field Not Active
	at org.testng.Assert.fail(Assert.java:99)
	at com.plp.tests.ProductPageValidation.verifySpecification(ProductPageValidation.java:66)
	at sun.reflect.NativeMethodAccessorImpl.invoke0(Native Method)
	at sun.reflect.NativeMethodAccessorImpl.invoke(Unknown Source)
	at sun.reflect.DelegatingMethodAccessorImpl.invoke(Unknown Source)
	at java.lang.reflect.Method.invoke(Unknown Source)
	at org.testng.internal.MethodInvocationHelper.invokeMethod(MethodInvocationHelper.java:132)
	at org.testng.internal.TestInvoker.invokeMethod(TestInvoker.java:599)
	at org.testng.internal.TestInvoker.invokeTestMethod(TestInvoker.java:174)
	at org.testng.internal.MethodRunner.runInSequence(MethodRunner.java:46)
	at org.testng.internal.TestInvoker$MethodInvocationAgent.invoke(TestInvoker.java:822)
	at org.testng.internal.TestInvoker.invokeTestMethods(TestInvoker.java:147)
	at org.testng.internal.TestMethodWorker.invokeTestMethods(TestMethodWorker.java:146)
	at org.testng.internal.TestMethodWorker.run(TestMethodWorker.java:128)
	at java.util.ArrayList.forEach(Unknown Source)
	at org.testng.TestRunner.privateRun(TestRunner.java:764)
	at org.testng.TestRunner.run(TestRunner.java:585)
	at org.testng.SuiteRunner.runTest(SuiteRunner.java:384)
	at org.testng.SuiteRunner.runSequentially(SuiteRunner.java:378)
	at org.testng.SuiteRunner.privateRun(SuiteRunner.java:337)
	at org.testng.SuiteRunner.run(SuiteRunner.java:286)
	at org.testng.SuiteRunnerWorker.runSuite(SuiteRunnerWorker.java:53)
	at org.testng.SuiteRunnerWorker.run(SuiteRunnerWorker.java:96)
	at org.testng.TestNG.runSuitesSequentially(TestNG.java:1218)
	at org.testng.TestNG.runSuitesLocally(TestNG.java:1140)
	at org.testng.TestNG.runSuites(TestNG.java:1069)
	at org.testng.TestNG.run(TestNG.java:1037)
	at org.testng.remote.AbstractRemoteTestNG.run(AbstractRemoteTestNG.java:115)
	at org.testng.remote.RemoteTestNG.initAndRun(RemoteTestNG.java:251)
	at org.testng.remote.RemoteTestNG.main(RemoteTestNG.java:77)

</div> <!-- stack-trace -->
                </div> <!-- method-content -->
              </div> <!-- method -->
            </div> <!-- main-panel-content rounded-window-bottom -->
          </div> <!-- suite-Default_suite-class-failed -->
          <div class="suite-Default_suite-class-passed">
            <div class="main-panel-header rounded-window-top">
              <img src="passed.png"/>
              <span class="class-name">com.plp.tests.ProductPageValidation</span>
            </div> <!-- main-panel-header rounded-window-top -->
            <div class="main-panel-content rounded-window-bottom">
              <div class="method">
                <div class="method-content">
                  <a name="ProductNavigation(MacBook)">
                  </a> <!-- ProductNavigation(MacBook) -->
                  <span class="method-name">ProductNavigation</span>
                  <span class="parameters">(MacBook)</span>
                </div> <!-- method-content -->
              </div> <!-- method -->
              <div class="method">
                <div class="method-content">
                  <a name="ProductNavigation(iMac)">
                  </a> <!-- ProductNavigation(iMac) -->
                  <span class="method-name">ProductNavigation</span>
                  <span class="parameters">(iMac)</span>
                </div> <!-- method-content -->
              </div> <!-- method -->
              <div class="method">
                <div class="method-content">
                  <a name="ProductNavigation(MacBook Air)">
                  </a> <!-- ProductNavigation(MacBook Air) -->
                  <span class="method-name">ProductNavigation</span>
                  <span class="parameters">(MacBook Air)</span>
                </div> <!-- method-content -->
              </div> <!-- method -->
              <div class="method">
                <div class="method-content">
                  <a name="ProductNavigation(HP LP3065)">
                  </a> <!-- ProductNavigation(HP LP3065) -->
                  <span class="method-name">ProductNavigation</span>
                  <span class="parameters">(HP LP3065)</span>
                </div> <!-- method-content -->
              </div> <!-- method -->
              <div class="method">
                <div class="method-content">
                  <a name="ProductNavigation(Samsung Galaxy Tab 10.1)">
                  </a> <!-- ProductNavigation(Samsung Galaxy Tab 10.1) -->
                  <span class="method-name">ProductNavigation</span>
                  <span class="parameters">(Samsung Galaxy Tab 10.1)</span>
                </div> <!-- method-content -->
              </div> <!-- method -->
              <div class="method">
                <div class="method-content">
                  <a name="ReviewFunc(MacBook Air)">
                  </a> <!-- ReviewFunc(MacBook Air) -->
                  <span class="method-name">ReviewFunc</span>
                  <span class="parameters">(MacBook Air)</span>
                </div> <!-- method-content -->
              </div> <!-- method -->
              <div class="method">
                <div class="method-content">
                  <a name="ReviewFunc(HP LP3065)">
                  </a> <!-- ReviewFunc(HP LP3065) -->
                  <span class="method-name">ReviewFunc</span>
                  <span class="parameters">(HP LP3065)</span>
                </div> <!-- method-content -->
              </div> <!-- method -->
              <div class="method">
                <div class="method-content">
                  <a name="ReviewFunc(MacBook)">
                  </a> <!-- ReviewFunc(MacBook) -->
                  <span class="method-name">ReviewFunc</span>
                  <span class="parameters">(MacBook)</span>
                </div> <!-- method-content -->
              </div> <!-- method -->
              <div class="method">
                <div class="method-content">
                  <a name="ReviewFunc(Canon EOS 5D)">
                  </a> <!-- ReviewFunc(Canon EOS 5D) -->
                  <span class="method-name">ReviewFunc</span>
                  <span class="parameters">(Canon EOS 5D)</span>
                </div> <!-- method-content -->
              </div> <!-- method -->
              <div class="method">
                <div class="method-content">
                  <a name="ReviewFunc(Samsung Galaxy Tab 10.1)">
                  </a> <!-- ReviewFunc(Samsung Galaxy Tab 10.1) -->
                  <span class="method-name">ReviewFunc</span>
                  <span class="parameters">(Samsung Galaxy Tab 10.1)</span>
                </div> <!-- method-content -->
              </div> <!-- method -->
              <div class="method">
                <div class="method-content">
                  <a name="ReviewFunc(iMac)">
                  </a> <!-- ReviewFunc(iMac) -->
                  <span class="method-name">ReviewFunc</span>
                  <span class="parameters">(iMac)</span>
                </div> <!-- method-content -->
              </div> <!-- method -->
              <div class="method">
                <div class="method-content">
                  <a name="VerifyAddToCart(Samsung Galaxy Tab 10.1)">
                  </a> <!-- VerifyAddToCart(Samsung Galaxy Tab 10.1) -->
                  <span class="method-name">VerifyAddToCart</span>
                  <span class="parameters">(Samsung Galaxy Tab 10.1)</span>
                </div> <!-- method-content -->
              </div> <!-- method -->
              <div class="method">
                <div class="method-content">
                  <a name="VerifyAddToCart(iMac)">
                  </a> <!-- VerifyAddToCart(iMac) -->
                  <span class="method-name">VerifyAddToCart</span>
                  <span class="parameters">(iMac)</span>
                </div> <!-- method-content -->
              </div> <!-- method -->
              <div class="method">
                <div class="method-content">
                  <a name="VerifyAddToCart(MacBook Air)">
                  </a> <!-- VerifyAddToCart(MacBook Air) -->
                  <span class="method-name">VerifyAddToCart</span>
                  <span class="parameters">(MacBook Air)</span>
                </div> <!-- method-content -->
              </div> <!-- method -->
              <div class="method">
                <div class="method-content">
                  <a name="VerifyAddToCart(MacBook)">
                  </a> <!-- VerifyAddToCart(MacBook) -->
                  <span class="method-name">VerifyAddToCart</span>
                  <span class="parameters">(MacBook)</span>
                </div> <!-- method-content -->
              </div> <!-- method -->
              <div class="method">
                <div class="method-content">
                  <a name="VerifyAddToCart(HP LP3065)">
                  </a> <!-- VerifyAddToCart(HP LP3065) -->
                  <span class="method-name">VerifyAddToCart</span>
                  <span class="parameters">(HP LP3065)</span>
                </div> <!-- method-content -->
              </div> <!-- method -->
              <div class="method">
                <div class="method-content">
                  <a name="verifyDescription(HP LP3065)">
                  </a> <!-- verifyDescription(HP LP3065) -->
                  <span class="method-name">verifyDescription</span>
                  <span class="parameters">(HP LP3065)</span>
                </div> <!-- method-content -->
              </div> <!-- method -->
              <div class="method">
                <div class="method-content">
                  <a name="verifyDescription(Samsung Galaxy Tab 10.1)">
                  </a> <!-- verifyDescription(Samsung Galaxy Tab 10.1) -->
                  <span class="method-name">verifyDescription</span>
                  <span class="parameters">(Samsung Galaxy Tab 10.1)</span>
                </div> <!-- method-content -->
              </div> <!-- method -->
              <div class="method">
                <div class="method-content">
                  <a name="verifyDescription(iMac)">
                  </a> <!-- verifyDescription(iMac) -->
                  <span class="method-name">verifyDescription</span>
                  <span class="parameters">(iMac)</span>
                </div> <!-- method-content -->
              </div> <!-- method -->
              <div class="method">
                <div class="method-content">
                  <a name="verifyDescription(MacBook)">
                  </a> <!-- verifyDescription(MacBook) -->
                  <span class="method-name">verifyDescription</span>
                  <span class="parameters">(MacBook)</span>
                </div> <!-- method-content -->
              </div> <!-- method -->
              <div class="method">
                <div class="method-content">
                  <a name="verifyDescription(Canon EOS 5D)">
                  </a> <!-- verifyDescription(Canon EOS 5D) -->
                  <span class="method-name">verifyDescription</span>
                  <span class="parameters">(Canon EOS 5D)</span>
                </div> <!-- method-content -->
              </div> <!-- method -->
              <div class="method">
                <div class="method-content">
                  <a name="verifyDescription(MacBook Air)">
                  </a> <!-- verifyDescription(MacBook Air) -->
                  <span class="method-name">verifyDescription</span>
                  <span class="parameters">(MacBook Air)</span>
                </div> <!-- method-content -->
              </div> <!-- method -->
              <div class="method">
                <div class="method-content">
                  <a name="verifyMandatoryFields">
                  </a> <!-- verifyMandatoryFields -->
                  <span class="method-name">verifyMandatoryFields</span>
                </div> <!-- method-content -->
              </div> <!-- method -->
              <div class="method">
                <div class="method-content">
                  <a name="verifySpecification(MacBook)">
                  </a> <!-- verifySpecification(MacBook) -->
                  <span class="method-name">verifySpecification</span>
                  <span class="parameters">(MacBook)</span>
                </div> <!-- method-content -->
              </div> <!-- method -->
              <div class="method">
                <div class="method-content">
                  <a name="verifySpecification(HP LP3065)">
                  </a> <!-- verifySpecification(HP LP3065) -->
                  <span class="method-name">verifySpecification</span>
                  <span class="parameters">(HP LP3065)</span>
                </div> <!-- method-content -->
              </div> <!-- method -->
            </div> <!-- main-panel-content rounded-window-bottom -->
          </div> <!-- suite-Default_suite-class-passed -->
        </div> <!-- panel Default_suite -->
        <div panel-name="test-xml-Default_suite" class="panel">
          <div class="main-panel-header rounded-window-top">
            <span class="header-content">C:\Users\Harshal\AppData\Local\Temp\testng-eclipse--983684802\testng-customsuite.xml</span>
          </div> <!-- main-panel-header rounded-window-top -->
          <div class="main-panel-content rounded-window-bottom">
            <pre>
&lt;?xml version=&quot;1.0&quot; encoding=&quot;UTF-8&quot;?&gt;
&lt;!DOCTYPE suite SYSTEM &quot;https://testng.org/testng-1.0.dtd&quot;&gt;
&lt;suite guice-stage=&quot;DEVELOPMENT&quot; name=&quot;Default suite&quot;&gt;
  &lt;test thread-count=&quot;5&quot; verbose=&quot;2&quot; name=&quot;Default test&quot;&gt;
    &lt;classes&gt;
      &lt;class name=&quot;com.plp.tests.ProductPageValidation&quot;/&gt;
    &lt;/classes&gt;
  &lt;/test&gt; &lt;!-- Default test --&gt;
&lt;/suite&gt; &lt;!-- Default suite --&gt;
            </pre>
          </div> <!-- main-panel-content rounded-window-bottom -->
        </div> <!-- panel -->
        <div panel-name="testlist-Default_suite" class="panel">
          <div class="main-panel-header rounded-window-top">
            <span class="header-content">Tests for Default suite</span>
          </div> <!-- main-panel-header rounded-window-top -->
          <div class="main-panel-content rounded-window-bottom">
            <ul>
              <li>
                <span class="test-name">Default test (1 class)</span>
              </li>
            </ul>
          </div> <!-- main-panel-content rounded-window-bottom -->
        </div> <!-- panel -->
        <div panel-name="group-Default_suite" class="panel">
          <div class="main-panel-header rounded-window-top">
            <span class="header-content">Groups for Default suite</span>
          </div> <!-- main-panel-header rounded-window-top -->
          <div class="main-panel-content rounded-window-bottom">
          </div> <!-- main-panel-content rounded-window-bottom -->
        </div> <!-- panel -->
        <div panel-name="times-Default_suite" class="panel">
          <div class="main-panel-header rounded-window-top">
            <span class="header-content">Times for Default suite</span>
          </div> <!-- main-panel-header rounded-window-top -->
          <div class="main-panel-content rounded-window-bottom">
            <div class="times-div">
              <script type="text/javascript">
suiteTableInitFunctions.push('tableData_Default_suite');
function tableData_Default_suite() {
var data = new google.visualization.DataTable();
data.addColumn('number', 'Number');
data.addColumn('string', 'Method');
data.addColumn('string', 'Class');
data.addColumn('number', 'Time (ms)');
data.addRows(40);
data.setCell(0, 0, 0)
data.setCell(0, 1, 'CartAddDate')
data.setCell(0, 2, 'com.plp.tests.ProductPageValidation')
data.setCell(0, 3, 8068);
data.setCell(1, 0, 1)
data.setCell(1, 1, 'VerifyAddToCart')
data.setCell(1, 2, 'com.plp.tests.ProductPageValidation')
data.setCell(1, 3, 6878);
data.setCell(2, 0, 2)
data.setCell(2, 1, 'ReviewFunc')
data.setCell(2, 2, 'com.plp.tests.ProductPageValidation')
data.setCell(2, 3, 5553);
data.setCell(3, 0, 3)
data.setCell(3, 1, 'ReviewFunc')
data.setCell(3, 2, 'com.plp.tests.ProductPageValidation')
data.setCell(3, 3, 5458);
data.setCell(4, 0, 4)
data.setCell(4, 1, 'VerifyFields')
data.setCell(4, 2, 'com.plp.tests.ProductPageValidation')
data.setCell(4, 3, 5343);
data.setCell(5, 0, 5)
data.setCell(5, 1, 'ReviewFunc')
data.setCell(5, 2, 'com.plp.tests.ProductPageValidation')
data.setCell(5, 3, 5219);
data.setCell(6, 0, 6)
data.setCell(6, 1, 'ReviewFunc')
data.setCell(6, 2, 'com.plp.tests.ProductPageValidation')
data.setCell(6, 3, 5114);
data.setCell(7, 0, 7)
data.setCell(7, 1, 'ReviewFunc')
data.setCell(7, 2, 'com.plp.tests.ProductPageValidation')
data.setCell(7, 3, 5075);
data.setCell(8, 0, 8)
data.setCell(8, 1, 'ReviewFunc')
data.setCell(8, 2, 'com.plp.tests.ProductPageValidation')
data.setCell(8, 3, 4973);
data.setCell(9, 0, 9)
data.setCell(9, 1, 'VerifyAddToCart')
data.setCell(9, 2, 'com.plp.tests.ProductPageValidation')
data.setCell(9, 3, 4820);
data.setCell(10, 0, 10)
data.setCell(10, 1, 'verifyQuantity')
data.setCell(10, 2, 'com.plp.tests.ProductPageValidation')
data.setCell(10, 3, 4807);
data.setCell(11, 0, 11)
data.setCell(11, 1, 'VerifyReviews')
data.setCell(11, 2, 'com.plp.tests.ProductPageValidation')
data.setCell(11, 3, 4717);
data.setCell(12, 0, 12)
data.setCell(12, 1, 'VerifyReviews')
data.setCell(12, 2, 'com.plp.tests.ProductPageValidation')
data.setCell(12, 3, 4675);
data.setCell(13, 0, 13)
data.setCell(13, 1, 'VerifyAddToCart')
data.setCell(13, 2, 'com.plp.tests.ProductPageValidation')
data.setCell(13, 3, 4648);
data.setCell(14, 0, 14)
data.setCell(14, 1, 'VerifyReviews')
data.setCell(14, 2, 'com.plp.tests.ProductPageValidation')
data.setCell(14, 3, 4392);
data.setCell(15, 0, 15)
data.setCell(15, 1, 'VerifyAddToCart')
data.setCell(15, 2, 'com.plp.tests.ProductPageValidation')
data.setCell(15, 3, 4364);
data.setCell(16, 0, 16)
data.setCell(16, 1, 'VerifyAddToCart')
data.setCell(16, 2, 'com.plp.tests.ProductPageValidation')
data.setCell(16, 3, 4342);
data.setCell(17, 0, 17)
data.setCell(17, 1, 'VerifyAddToCart')
data.setCell(17, 2, 'com.plp.tests.ProductPageValidation')
data.setCell(17, 3, 4341);
data.setCell(18, 0, 18)
data.setCell(18, 1, 'verifyDescription')
data.setCell(18, 2, 'com.plp.tests.ProductPageValidation')
data.setCell(18, 3, 4129);
data.setCell(19, 0, 19)
data.setCell(19, 1, 'verifyMandatoryFields')
data.setCell(19, 2, 'com.plp.tests.ProductPageValidation')
data.setCell(19, 3, 4107);
data.setCell(20, 0, 20)
data.setCell(20, 1, 'ProductNavigation')
data.setCell(20, 2, 'com.plp.tests.ProductPageValidation')
data.setCell(20, 3, 4024);
data.setCell(21, 0, 21)
data.setCell(21, 1, 'VerifyReviews')
data.setCell(21, 2, 'com.plp.tests.ProductPageValidation')
data.setCell(21, 3, 3966);
data.setCell(22, 0, 22)
data.setCell(22, 1, 'verifySpecification')
data.setCell(22, 2, 'com.plp.tests.ProductPageValidation')
data.setCell(22, 3, 3909);
data.setCell(23, 0, 23)
data.setCell(23, 1, 'VerifyReviews')
data.setCell(23, 2, 'com.plp.tests.ProductPageValidation')
data.setCell(23, 3, 3828);
data.setCell(24, 0, 24)
data.setCell(24, 1, 'VerifyReviews')
data.setCell(24, 2, 'com.plp.tests.ProductPageValidation')
data.setCell(24, 3, 3809);
data.setCell(25, 0, 25)
data.setCell(25, 1, 'ProductNavigation')
data.setCell(25, 2, 'com.plp.tests.ProductPageValidation')
data.setCell(25, 3, 3772);
data.setCell(26, 0, 26)
data.setCell(26, 1, 'verifyDescription')
data.setCell(26, 2, 'com.plp.tests.ProductPageValidation')
data.setCell(26, 3, 3698);
data.setCell(27, 0, 27)
data.setCell(27, 1, 'verifyDescription')
data.setCell(27, 2, 'com.plp.tests.ProductPageValidation')
data.setCell(27, 3, 3646);
data.setCell(28, 0, 28)
data.setCell(28, 1, 'verifySpecification')
data.setCell(28, 2, 'com.plp.tests.ProductPageValidation')
data.setCell(28, 3, 3600);
data.setCell(29, 0, 29)
data.setCell(29, 1, 'verifySpecification')
data.setCell(29, 2, 'com.plp.tests.ProductPageValidation')
data.setCell(29, 3, 3538);
data.setCell(30, 0, 30)
data.setCell(30, 1, 'verifySpecification')
data.setCell(30, 2, 'com.plp.tests.ProductPageValidation')
data.setCell(30, 3, 3535);
data.setCell(31, 0, 31)
data.setCell(31, 1, 'verifyDescription')
data.setCell(31, 2, 'com.plp.tests.ProductPageValidation')
data.setCell(31, 3, 3513);
data.setCell(32, 0, 32)
data.setCell(32, 1, 'verifyDescription')
data.setCell(32, 2, 'com.plp.tests.ProductPageValidation')
data.setCell(32, 3, 3491);
data.setCell(33, 0, 33)
data.setCell(33, 1, 'verifySpecification')
data.setCell(33, 2, 'com.plp.tests.ProductPageValidation')
data.setCell(33, 3, 3480);
data.setCell(34, 0, 34)
data.setCell(34, 1, 'verifySpecification')
data.setCell(34, 2, 'com.plp.tests.ProductPageValidation')
data.setCell(34, 3, 3455);
data.setCell(35, 0, 35)
data.setCell(35, 1, 'ProductNavigation')
data.setCell(35, 2, 'com.plp.tests.ProductPageValidation')
data.setCell(35, 3, 3417);
data.setCell(36, 0, 36)
data.setCell(36, 1, 'verifyDescription')
data.setCell(36, 2, 'com.plp.tests.ProductPageValidation')
data.setCell(36, 3, 3417);
data.setCell(37, 0, 37)
data.setCell(37, 1, 'ProductNavigation')
data.setCell(37, 2, 'com.plp.tests.ProductPageValidation')
data.setCell(37, 3, 3391);
data.setCell(38, 0, 38)
data.setCell(38, 1, 'ProductNavigation')
data.setCell(38, 2, 'com.plp.tests.ProductPageValidation')
data.setCell(38, 3, 3333);
data.setCell(39, 0, 39)
data.setCell(39, 1, 'ProductNavigation')
data.setCell(39, 2, 'com.plp.tests.ProductPageValidation')
data.setCell(39, 3, 3290);
window.suiteTableData['Default_suite']= { tableData: data, tableDiv: 'times-div-Default_suite'}
return data;
}
              </script>
              <span class="suite-total-time">Total running time: 2 minutes</span>
              <div id="times-div-Default_suite">
              </div> <!-- times-div-Default_suite -->
            </div> <!-- times-div -->
          </div> <!-- main-panel-content rounded-window-bottom -->
        </div> <!-- panel -->
        <div panel-name="reporter-Default_suite" class="panel">
          <div class="main-panel-header rounded-window-top">
            <span class="header-content">Reporter output for Default suite</span>
          </div> <!-- main-panel-header rounded-window-top -->
          <div class="main-panel-content rounded-window-bottom">
          </div> <!-- main-panel-content rounded-window-bottom -->
        </div> <!-- panel -->
        <div panel-name="ignored-methods-Default_suite" class="panel">
          <div class="main-panel-header rounded-window-top">
            <span class="header-content">0 ignored methods</span>
          </div> <!-- main-panel-header rounded-window-top -->
          <div class="main-panel-content rounded-window-bottom">
          </div> <!-- main-panel-content rounded-window-bottom -->
        </div> <!-- panel -->
        <div panel-name="chronological-Default_suite" class="panel">
          <div class="main-panel-header rounded-window-top">
            <span class="header-content">Methods in chronological order</span>
          </div> <!-- main-panel-header rounded-window-top -->
          <div class="main-panel-content rounded-window-bottom">
            <div class="chronological-class">
              <div class="chronological-class-name">com.plp.tests.ProductPageValidation</div> <!-- chronological-class-name -->
              <div class="configuration-class before">
                <span class="method-name">beforeClass</span>
                <span class="method-start">0 ms</span>
              </div> <!-- configuration-class before -->
              <div class="test-method">
                <img src="failed.png">
                </img>
                <span class="method-name">CartAddDate</span>
                <span class="method-start">5914 ms</span>
              </div> <!-- test-method -->
              <div class="test-method">
                <span class="method-name">ProductNavigation(HP LP3065)</span>
                <span class="method-start">15137 ms</span>
              </div> <!-- test-method -->
              <div class="test-method">
                <span class="method-name">ProductNavigation(iMac)</span>
                <span class="method-start">19164 ms</span>
              </div> <!-- test-method -->
              <div class="test-method">
                <span class="method-name">ProductNavigation(MacBook)</span>
                <span class="method-start">22937 ms</span>
              </div> <!-- test-method -->
              <div class="test-method">
                <span class="method-name">ProductNavigation(MacBook Air)</span>
                <span class="method-start">26355 ms</span>
              </div> <!-- test-method -->
              <div class="test-method">
                <img src="failed.png">
                </img>
                <span class="method-name">ProductNavigation(Canon EOS 5D)</span>
                <span class="method-start">29646 ms</span>
              </div> <!-- test-method -->
              <div class="test-method">
                <span class="method-name">ProductNavigation(Samsung Galaxy Tab 10.1)</span>
                <span class="method-start">33040 ms</span>
              </div> <!-- test-method -->
              <div class="test-method">
                <span class="method-name">ReviewFunc(HP LP3065)</span>
                <span class="method-start">36456 ms</span>
              </div> <!-- test-method -->
              <div class="test-method">
                <span class="method-name">ReviewFunc(iMac)</span>
                <span class="method-start">41677 ms</span>
              </div> <!-- test-method -->
              <div class="test-method">
                <span class="method-name">ReviewFunc(MacBook)</span>
                <span class="method-start">47136 ms</span>
              </div> <!-- test-method -->
              <div class="test-method">
                <span class="method-name">ReviewFunc(MacBook Air)</span>
                <span class="method-start">52110 ms</span>
              </div> <!-- test-method -->
              <div class="test-method">
                <span class="method-name">ReviewFunc(Canon EOS 5D)</span>
                <span class="method-start">57186 ms</span>
              </div> <!-- test-method -->
              <div class="test-method">
                <span class="method-name">ReviewFunc(Samsung Galaxy Tab 10.1)</span>
                <span class="method-start">62302 ms</span>
              </div> <!-- test-method -->
              <div class="test-method">
                <span class="method-name">VerifyAddToCart(HP LP3065)</span>
                <span class="method-start">67919 ms</span>
              </div> <!-- test-method -->
              <div class="test-method">
                <span class="method-name">VerifyAddToCart(iMac)</span>
                <span class="method-start">72284 ms</span>
              </div> <!-- test-method -->
              <div class="test-method">
                <span class="method-name">VerifyAddToCart(MacBook)</span>
                <span class="method-start">77105 ms</span>
              </div> <!-- test-method -->
              <div class="test-method">
                <span class="method-name">VerifyAddToCart(MacBook Air)</span>
                <span class="method-start">81448 ms</span>
              </div> <!-- test-method -->
              <div class="test-method">
                <img src="failed.png">
                </img>
                <span class="method-name">VerifyAddToCart(Canon EOS 5D)</span>
                <span class="method-start">85791 ms</span>
              </div> <!-- test-method -->
              <div class="test-method">
                <span class="method-name">VerifyAddToCart(Samsung Galaxy Tab 10.1)</span>
                <span class="method-start">92670 ms</span>
              </div> <!-- test-method -->
              <div class="test-method">
                <img src="failed.png">
                </img>
                <span class="method-name">VerifyFields</span>
                <span class="method-start">97319 ms</span>
              </div> <!-- test-method -->
              <div class="test-method">
                <img src="failed.png">
                </img>
                <span class="method-name">VerifyReviews(HP LP3065)</span>
                <span class="method-start">102713 ms</span>
              </div> <!-- test-method -->
              <div class="test-method">
                <img src="failed.png">
                </img>
                <span class="method-name">VerifyReviews(iMac)</span>
                <span class="method-start">107389 ms</span>
              </div> <!-- test-method -->
              <div class="test-method">
                <img src="failed.png">
                </img>
                <span class="method-name">VerifyReviews(MacBook)</span>
                <span class="method-start">112109 ms</span>
              </div> <!-- test-method -->
              <div class="test-method">
                <img src="failed.png">
                </img>
                <span class="method-name">VerifyReviews(MacBook Air)</span>
                <span class="method-start">115941 ms</span>
              </div> <!-- test-method -->
              <div class="test-method">
                <img src="failed.png">
                </img>
                <span class="method-name">VerifyReviews(Canon EOS 5D)</span>
                <span class="method-start">119751 ms</span>
              </div> <!-- test-method -->
              <div class="test-method">
                <img src="failed.png">
                </img>
                <span class="method-name">VerifyReviews(Samsung Galaxy Tab 10.1)</span>
                <span class="method-start">123718 ms</span>
              </div> <!-- test-method -->
              <div class="test-method">
                <span class="method-name">verifyDescription(HP LP3065)</span>
                <span class="method-start">128181 ms</span>
              </div> <!-- test-method -->
              <div class="test-method">
                <span class="method-name">verifyDescription(iMac)</span>
                <span class="method-start">131695 ms</span>
              </div> <!-- test-method -->
              <div class="test-method">
                <span class="method-name">verifyDescription(MacBook)</span>
                <span class="method-start">135825 ms</span>
              </div> <!-- test-method -->
              <div class="test-method">
                <span class="method-name">verifyDescription(MacBook Air)</span>
                <span class="method-start">139319 ms</span>
              </div> <!-- test-method -->
              <div class="test-method">
                <span class="method-name">verifyDescription(Canon EOS 5D)</span>
                <span class="method-start">142737 ms</span>
              </div> <!-- test-method -->
              <div class="test-method">
                <span class="method-name">verifyDescription(Samsung Galaxy Tab 10.1)</span>
                <span class="method-start">146385 ms</span>
              </div> <!-- test-method -->
              <div class="test-method">
                <span class="method-name">verifyMandatoryFields</span>
                <span class="method-start">150084 ms</span>
              </div> <!-- test-method -->
              <div class="test-method">
                <img src="failed.png">
                </img>
                <span class="method-name">verifyQuantity</span>
                <span class="method-start">154192 ms</span>
              </div> <!-- test-method -->
              <div class="test-method">
                <span class="method-name">verifySpecification(HP LP3065)</span>
                <span class="method-start">159060 ms</span>
              </div> <!-- test-method -->
              <div class="test-method">
                <img src="failed.png">
                </img>
                <span class="method-name">verifySpecification(iMac)</span>
                <span class="method-start">162541 ms</span>
              </div> <!-- test-method -->
              <div class="test-method">
                <span class="method-name">verifySpecification(MacBook)</span>
                <span class="method-start">166452 ms</span>
              </div> <!-- test-method -->
              <div class="test-method">
                <img src="failed.png">
                </img>
                <span class="method-name">verifySpecification(MacBook Air)</span>
                <span class="method-start">170053 ms</span>
              </div> <!-- test-method -->
              <div class="test-method">
                <img src="failed.png">
                </img>
                <span class="method-name">verifySpecification(Canon EOS 5D)</span>
                <span class="method-start">173593 ms</span>
              </div> <!-- test-method -->
              <div class="test-method">
                <img src="failed.png">
                </img>
                <span class="method-name">verifySpecification(Samsung Galaxy Tab 10.1)</span>
                <span class="method-start">177050 ms</span>
              </div> <!-- test-method -->
              <div class="configuration-class after">
                <span class="method-name">afterClass</span>
                <span class="method-start">180586 ms</span>
              </div> <!-- configuration-class after -->
          </div> <!-- main-panel-content rounded-window-bottom -->
        </div> <!-- panel -->
      </div> <!-- main-panel-root -->
    </div> <!-- wrapper -->
  </body>
<script type="text/javascript" src="testng-reports2.js"></script>
</html>
