<html>
<head>
<title>TestNG:  ProductPage Validation</title>
<link href="../testng.css" rel="stylesheet" type="text/css" />
<link href="../my-testng.css" rel="stylesheet" type="text/css" />

<style type="text/css">
.log { display: none;} 
.stack-trace { display: none;} 
</style>
<script type="text/javascript">
<!--
function flip(e) {
  current = e.style.display;
  if (current == 'block') {
    e.style.display = 'none';
    return 0;
  }
  else {
    e.style.display = 'block';
    return 1;
  }
}

function toggleBox(szDivId, elem, msg1, msg2)
{
  var res = -1;  if (document.getElementById) {
    res = flip(document.getElementById(szDivId));
  }
  else if (document.all) {
    // this is the way old msie versions work
    res = flip(document.all[szDivId]);
  }
  if(elem) {
    if(res == 0) elem.innerHTML = msg1; else elem.innerHTML = msg2;
  }

}

function toggleAllBoxes() {
  if (document.getElementsByTagName) {
    d = document.getElementsByTagName('div');
    for (i = 0; i < d.length; i++) {
      if (d[i].className == 'log') {
        flip(d[i]);
      }
    }
  }
}

// -->
</script>

</head>
<body>
<h2 align='center'>ProductPage Validation</h2><table border='1' align="center">
<tr>
<td>Tests passed/Failed/Skipped:</td><td>25/15/0</td>
</tr><tr>
<td>Started on:</td><td>Sun Oct 17 17:04:46 IST 2021</td>
</tr>
<tr><td>Total time:</td><td>182 seconds (182222 ms)</td>
</tr><tr>
<td>Included groups:</td><td></td>
</tr><tr>
<td>Excluded groups:</td><td></td>
</tr>
</table><p/>
<small><i>(Hover the method name to see the test class name)</i></small><p/>
<table width='100%' border='1' class='invocation-failed'>
<tr><td colspan='4' align='center'><b>FAILED TESTS</b></td></tr>
<tr><td><b>Test method</b></td>
<td width="30%"><b>Exception</b></td>
<td width="10%"><b>Time (seconds)</b></td>
<td><b>Instance</b></td>
</tr>
<tr>
<td title='com.plp.tests.ProductPageValidation.CartAddDate()'><b>CartAddDate</b><br>Test class: com.plp.tests.ProductPageValidation</td>
<td><div><pre>java.lang.AssertionError: Website is accepting previous delivery date
	at com.plp.tests.ProductPageValidation.CartAddDate(ProductPageValidation.java:160)
	at java.util.ArrayList.forEach(Unknown Source)
	at java.util.concurrent.FutureTask.run(Unknown Source)
	at java.util.concurrent.ThreadPoolExecutor.runWorker(Unknown Source)
	at java.util.concurrent.ThreadPoolExecutor$Worker.run(Unknown Source)
	at java.lang.Thread.run(Unknown Source)
... Removed 19 stack frames</pre></div><a href='#' onClick='toggleBox("stack-trace752698358", this, "Click to show all stack frames", "Click to hide stack frames")'>Click to show all stack frames</a>
<div class='stack-trace' id='stack-trace752698358'><pre>java.lang.AssertionError: Website is accepting previous delivery date
	at org.testng.Assert.fail(Assert.java:99)
	at com.plp.tests.ProductPageValidation.CartAddDate(ProductPageValidation.java:160)
	at sun.reflect.NativeMethodAccessorImpl.invoke0(Native Method)
	at sun.reflect.NativeMethodAccessorImpl.invoke(Unknown Source)
	at sun.reflect.DelegatingMethodAccessorImpl.invoke(Unknown Source)
	at java.lang.reflect.Method.invoke(Unknown Source)
	at org.testng.internal.MethodInvocationHelper.invokeMethod(MethodInvocationHelper.java:132)
	at org.testng.internal.TestInvoker.invokeMethod(TestInvoker.java:599)
	at org.testng.internal.TestInvoker.invokeTestMethod(TestInvoker.java:174)
	at org.testng.internal.MethodRunner.runInSequence(MethodRunner.java:46)
	at org.testng.internal.TestInvoker$MethodInvocationAgent.invoke(TestInvoker.java:822)
	at org.testng.internal.TestInvoker.invokeTestMethods(TestInvoker.java:147)
	at org.testng.internal.TestMethodWorker.invokeTestMethods(TestMethodWorker.java:146)
	at org.testng.internal.TestMethodWorker.run(TestMethodWorker.java:128)
	at java.util.ArrayList.forEach(Unknown Source)
	at org.testng.TestRunner.privateRun(TestRunner.java:764)
	at org.testng.TestRunner.run(TestRunner.java:585)
	at org.testng.SuiteRunner.runTest(SuiteRunner.java:384)
	at org.testng.SuiteRunner.access$000(SuiteRunner.java:28)
	at org.testng.SuiteRunner$SuiteWorker.run(SuiteRunner.java:425)
	at org.testng.internal.thread.ThreadUtil.lambda$execute$0(ThreadUtil.java:66)
	at java.util.concurrent.FutureTask.run(Unknown Source)
	at java.util.concurrent.ThreadPoolExecutor.runWorker(Unknown Source)
	at java.util.concurrent.ThreadPoolExecutor$Worker.run(Unknown Source)
	at java.lang.Thread.run(Unknown Source)
</pre></div></td>
<td>6</td>
<td>com.plp.tests.ProductPageValidation@4232c52b</td></tr>
<tr>
<td title='com.plp.tests.ProductPageValidation.ProductNavigation()'><b>ProductNavigation</b><br>Test class: com.plp.tests.ProductPageValidation<br>Parameters: Canon EOS 5D</td>
<td><div><pre>java.lang.AssertionError: expected [sdf] but found [Canon EOS 5D]
	at com.plp.tests.ProductPageValidation.ProductNavigation(ProductPageValidation.java:38)
	at java.util.ArrayList.forEach(Unknown Source)
	at java.util.concurrent.FutureTask.run(Unknown Source)
	at java.util.concurrent.ThreadPoolExecutor.runWorker(Unknown Source)
	at java.util.concurrent.ThreadPoolExecutor$Worker.run(Unknown Source)
	at java.lang.Thread.run(Unknown Source)
... Removed 24 stack frames</pre></div><a href='#' onClick='toggleBox("stack-trace719711207", this, "Click to show all stack frames", "Click to hide stack frames")'>Click to show all stack frames</a>
<div class='stack-trace' id='stack-trace719711207'><pre>java.lang.AssertionError: expected [sdf] but found [Canon EOS 5D]
	at org.testng.Assert.fail(Assert.java:99)
	at org.testng.Assert.failNotEquals(Assert.java:1037)
	at org.testng.Assert.assertEqualsImpl(Assert.java:140)
	at org.testng.Assert.assertEquals(Assert.java:122)
	at org.testng.Assert.assertEquals(Assert.java:629)
	at org.testng.Assert.assertEquals(Assert.java:639)
	at com.plp.tests.ProductPageValidation.ProductNavigation(ProductPageValidation.java:38)
	at sun.reflect.NativeMethodAccessorImpl.invoke0(Native Method)
	at sun.reflect.NativeMethodAccessorImpl.invoke(Unknown Source)
	at sun.reflect.DelegatingMethodAccessorImpl.invoke(Unknown Source)
	at java.lang.reflect.Method.invoke(Unknown Source)
	at org.testng.internal.MethodInvocationHelper.invokeMethod(MethodInvocationHelper.java:132)
	at org.testng.internal.TestInvoker.invokeMethod(TestInvoker.java:599)
	at org.testng.internal.TestInvoker.invokeTestMethod(TestInvoker.java:174)
	at org.testng.internal.MethodRunner.runInSequence(MethodRunner.java:46)
	at org.testng.internal.TestInvoker$MethodInvocationAgent.invoke(TestInvoker.java:822)
	at org.testng.internal.TestInvoker.invokeTestMethods(TestInvoker.java:147)
	at org.testng.internal.TestMethodWorker.invokeTestMethods(TestMethodWorker.java:146)
	at org.testng.internal.TestMethodWorker.run(TestMethodWorker.java:128)
	at java.util.ArrayList.forEach(Unknown Source)
	at org.testng.TestRunner.privateRun(TestRunner.java:764)
	at org.testng.TestRunner.run(TestRunner.java:585)
	at org.testng.SuiteRunner.runTest(SuiteRunner.java:384)
	at org.testng.SuiteRunner.access$000(SuiteRunner.java:28)
	at org.testng.SuiteRunner$SuiteWorker.run(SuiteRunner.java:425)
	at org.testng.internal.thread.ThreadUtil.lambda$execute$0(ThreadUtil.java:66)
	at java.util.concurrent.FutureTask.run(Unknown Source)
	at java.util.concurrent.ThreadPoolExecutor.runWorker(Unknown Source)
	at java.util.concurrent.ThreadPoolExecutor$Worker.run(Unknown Source)
	at java.lang.Thread.run(Unknown Source)
</pre></div></td>
<td>3</td>
<td>com.plp.tests.ProductPageValidation@4232c52b</td></tr>
<tr>
<td title='com.plp.tests.ProductPageValidation.VerifyAddToCart()'><b>VerifyAddToCart</b><br>Test class: com.plp.tests.ProductPageValidation<br>Parameters: Canon EOS 5D</td>
<td><div><pre>java.lang.AssertionError: Product is not added to the cart
	at com.plp.tests.ProductPageValidation.VerifyAddToCart(ProductPageValidation.java:129)
	at java.util.ArrayList.forEach(Unknown Source)
	at java.util.concurrent.FutureTask.run(Unknown Source)
	at java.util.concurrent.ThreadPoolExecutor.runWorker(Unknown Source)
	at java.util.concurrent.ThreadPoolExecutor$Worker.run(Unknown Source)
	at java.lang.Thread.run(Unknown Source)
... Removed 19 stack frames</pre></div><a href='#' onClick='toggleBox("stack-trace1180322722", this, "Click to show all stack frames", "Click to hide stack frames")'>Click to show all stack frames</a>
<div class='stack-trace' id='stack-trace1180322722'><pre>java.lang.AssertionError: Product is not added to the cart
	at org.testng.Assert.fail(Assert.java:99)
	at com.plp.tests.ProductPageValidation.VerifyAddToCart(ProductPageValidation.java:129)
	at sun.reflect.NativeMethodAccessorImpl.invoke0(Native Method)
	at sun.reflect.NativeMethodAccessorImpl.invoke(Unknown Source)
	at sun.reflect.DelegatingMethodAccessorImpl.invoke(Unknown Source)
	at java.lang.reflect.Method.invoke(Unknown Source)
	at org.testng.internal.MethodInvocationHelper.invokeMethod(MethodInvocationHelper.java:132)
	at org.testng.internal.TestInvoker.invokeMethod(TestInvoker.java:599)
	at org.testng.internal.TestInvoker.invokeTestMethod(TestInvoker.java:174)
	at org.testng.internal.MethodRunner.runInSequence(MethodRunner.java:46)
	at org.testng.internal.TestInvoker$MethodInvocationAgent.invoke(TestInvoker.java:822)
	at org.testng.internal.TestInvoker.invokeTestMethods(TestInvoker.java:147)
	at org.testng.internal.TestMethodWorker.invokeTestMethods(TestMethodWorker.java:146)
	at org.testng.internal.TestMethodWorker.run(TestMethodWorker.java:128)
	at java.util.ArrayList.forEach(Unknown Source)
	at org.testng.TestRunner.privateRun(TestRunner.java:764)
	at org.testng.TestRunner.run(TestRunner.java:585)
	at org.testng.SuiteRunner.runTest(SuiteRunner.java:384)
	at org.testng.SuiteRunner.access$000(SuiteRunner.java:28)
	at org.testng.SuiteRunner$SuiteWorker.run(SuiteRunner.java:425)
	at org.testng.internal.thread.ThreadUtil.lambda$execute$0(ThreadUtil.java:66)
	at java.util.concurrent.FutureTask.run(Unknown Source)
	at java.util.concurrent.ThreadPoolExecutor.runWorker(Unknown Source)
	at java.util.concurrent.ThreadPoolExecutor$Worker.run(Unknown Source)
	at java.lang.Thread.run(Unknown Source)
</pre></div></td>
<td>6</td>
<td>com.plp.tests.ProductPageValidation@4232c52b</td></tr>
<tr>
<td title='com.plp.tests.ProductPageValidation.VerifyFields()'><b>VerifyFields</b><br>Test class: com.plp.tests.ProductPageValidation</td>
<td><div><pre>java.lang.AssertionError: First Name Field is Accepting Numeric Data
	at com.plp.tests.ProductPageValidation.VerifyFields(ProductPageValidation.java:115)
	at java.util.ArrayList.forEach(Unknown Source)
	at java.util.concurrent.FutureTask.run(Unknown Source)
	at java.util.concurrent.ThreadPoolExecutor.runWorker(Unknown Source)
	at java.util.concurrent.ThreadPoolExecutor$Worker.run(Unknown Source)
	at java.lang.Thread.run(Unknown Source)
... Removed 19 stack frames</pre></div><a href='#' onClick='toggleBox("stack-trace176520913", this, "Click to show all stack frames", "Click to hide stack frames")'>Click to show all stack frames</a>
<div class='stack-trace' id='stack-trace176520913'><pre>java.lang.AssertionError: First Name Field is Accepting Numeric Data
	at org.testng.Assert.fail(Assert.java:99)
	at com.plp.tests.ProductPageValidation.VerifyFields(ProductPageValidation.java:115)
	at sun.reflect.NativeMethodAccessorImpl.invoke0(Native Method)
	at sun.reflect.NativeMethodAccessorImpl.invoke(Unknown Source)
	at sun.reflect.DelegatingMethodAccessorImpl.invoke(Unknown Source)
	at java.lang.reflect.Method.invoke(Unknown Source)
	at org.testng.internal.MethodInvocationHelper.invokeMethod(MethodInvocationHelper.java:132)
	at org.testng.internal.TestInvoker.invokeMethod(TestInvoker.java:599)
	at org.testng.internal.TestInvoker.invokeTestMethod(TestInvoker.java:174)
	at org.testng.internal.MethodRunner.runInSequence(MethodRunner.java:46)
	at org.testng.internal.TestInvoker$MethodInvocationAgent.invoke(TestInvoker.java:822)
	at org.testng.internal.TestInvoker.invokeTestMethods(TestInvoker.java:147)
	at org.testng.internal.TestMethodWorker.invokeTestMethods(TestMethodWorker.java:146)
	at org.testng.internal.TestMethodWorker.run(TestMethodWorker.java:128)
	at java.util.ArrayList.forEach(Unknown Source)
	at org.testng.TestRunner.privateRun(TestRunner.java:764)
	at org.testng.TestRunner.run(TestRunner.java:585)
	at org.testng.SuiteRunner.runTest(SuiteRunner.java:384)
	at org.testng.SuiteRunner.access$000(SuiteRunner.java:28)
	at org.testng.SuiteRunner$SuiteWorker.run(SuiteRunner.java:425)
	at org.testng.internal.thread.ThreadUtil.lambda$execute$0(ThreadUtil.java:66)
	at java.util.concurrent.FutureTask.run(Unknown Source)
	at java.util.concurrent.ThreadPoolExecutor.runWorker(Unknown Source)
	at java.util.concurrent.ThreadPoolExecutor$Worker.run(Unknown Source)
	at java.lang.Thread.run(Unknown Source)
</pre></div></td>
<td>5</td>
<td>com.plp.tests.ProductPageValidation@4232c52b</td></tr>
<tr>
<td title='com.plp.tests.ProductPageValidation.VerifyReviews()'><b>VerifyReviews</b><br>Test class: com.plp.tests.ProductPageValidation<br>Parameters: HP LP3065</td>
<td><div><pre>java.lang.AssertionError: Reviews are not available
	at com.plp.tests.ProductPageValidation.VerifyReviews(ProductPageValidation.java:80)
	at java.util.ArrayList.forEach(Unknown Source)
	at java.util.concurrent.FutureTask.run(Unknown Source)
	at java.util.concurrent.ThreadPoolExecutor.runWorker(Unknown Source)
	at java.util.concurrent.ThreadPoolExecutor$Worker.run(Unknown Source)
	at java.lang.Thread.run(Unknown Source)
... Removed 19 stack frames</pre></div><a href='#' onClick='toggleBox("stack-trace180006341", this, "Click to show all stack frames", "Click to hide stack frames")'>Click to show all stack frames</a>
<div class='stack-trace' id='stack-trace180006341'><pre>java.lang.AssertionError: Reviews are not available
	at org.testng.Assert.fail(Assert.java:99)
	at com.plp.tests.ProductPageValidation.VerifyReviews(ProductPageValidation.java:80)
	at sun.reflect.NativeMethodAccessorImpl.invoke0(Native Method)
	at sun.reflect.NativeMethodAccessorImpl.invoke(Unknown Source)
	at sun.reflect.DelegatingMethodAccessorImpl.invoke(Unknown Source)
	at java.lang.reflect.Method.invoke(Unknown Source)
	at org.testng.internal.MethodInvocationHelper.invokeMethod(MethodInvocationHelper.java:132)
	at org.testng.internal.TestInvoker.invokeMethod(TestInvoker.java:599)
	at org.testng.internal.TestInvoker.invokeTestMethod(TestInvoker.java:174)
	at org.testng.internal.MethodRunner.runInSequence(MethodRunner.java:46)
	at org.testng.internal.TestInvoker$MethodInvocationAgent.invoke(TestInvoker.java:822)
	at org.testng.internal.TestInvoker.invokeTestMethods(TestInvoker.java:147)
	at org.testng.internal.TestMethodWorker.invokeTestMethods(TestMethodWorker.java:146)
	at org.testng.internal.TestMethodWorker.run(TestMethodWorker.java:128)
	at java.util.ArrayList.forEach(Unknown Source)
	at org.testng.TestRunner.privateRun(TestRunner.java:764)
	at org.testng.TestRunner.run(TestRunner.java:585)
	at org.testng.SuiteRunner.runTest(SuiteRunner.java:384)
	at org.testng.SuiteRunner.access$000(SuiteRunner.java:28)
	at org.testng.SuiteRunner$SuiteWorker.run(SuiteRunner.java:425)
	at org.testng.internal.thread.ThreadUtil.lambda$execute$0(ThreadUtil.java:66)
	at java.util.concurrent.FutureTask.run(Unknown Source)
	at java.util.concurrent.ThreadPoolExecutor.runWorker(Unknown Source)
	at java.util.concurrent.ThreadPoolExecutor$Worker.run(Unknown Source)
	at java.lang.Thread.run(Unknown Source)
</pre></div></td>
<td>4</td>
<td>com.plp.tests.ProductPageValidation@4232c52b</td></tr>
<tr>
<td title='com.plp.tests.ProductPageValidation.VerifyReviews()'><b>VerifyReviews</b><br>Test class: com.plp.tests.ProductPageValidation<br>Parameters: iMac</td>
<td><div><pre>java.lang.AssertionError: Reviews are not available
	at com.plp.tests.ProductPageValidation.VerifyReviews(ProductPageValidation.java:80)
	at java.util.ArrayList.forEach(Unknown Source)
	at java.util.concurrent.FutureTask.run(Unknown Source)
	at java.util.concurrent.ThreadPoolExecutor.runWorker(Unknown Source)
	at java.util.concurrent.ThreadPoolExecutor$Worker.run(Unknown Source)
	at java.lang.Thread.run(Unknown Source)
... Removed 19 stack frames</pre></div><a href='#' onClick='toggleBox("stack-trace1274834746", this, "Click to show all stack frames", "Click to hide stack frames")'>Click to show all stack frames</a>
<div class='stack-trace' id='stack-trace1274834746'><pre>java.lang.AssertionError: Reviews are not available
	at org.testng.Assert.fail(Assert.java:99)
	at com.plp.tests.ProductPageValidation.VerifyReviews(ProductPageValidation.java:80)
	at sun.reflect.NativeMethodAccessorImpl.invoke0(Native Method)
	at sun.reflect.NativeMethodAccessorImpl.invoke(Unknown Source)
	at sun.reflect.DelegatingMethodAccessorImpl.invoke(Unknown Source)
	at java.lang.reflect.Method.invoke(Unknown Source)
	at org.testng.internal.MethodInvocationHelper.invokeMethod(MethodInvocationHelper.java:132)
	at org.testng.internal.TestInvoker.invokeMethod(TestInvoker.java:599)
	at org.testng.internal.TestInvoker.invokeTestMethod(TestInvoker.java:174)
	at org.testng.internal.MethodRunner.runInSequence(MethodRunner.java:46)
	at org.testng.internal.TestInvoker$MethodInvocationAgent.invoke(TestInvoker.java:822)
	at org.testng.internal.TestInvoker.invokeTestMethods(TestInvoker.java:147)
	at org.testng.internal.TestMethodWorker.invokeTestMethods(TestMethodWorker.java:146)
	at org.testng.internal.TestMethodWorker.run(TestMethodWorker.java:128)
	at java.util.ArrayList.forEach(Unknown Source)
	at org.testng.TestRunner.privateRun(TestRunner.java:764)
	at org.testng.TestRunner.run(TestRunner.java:585)
	at org.testng.SuiteRunner.runTest(SuiteRunner.java:384)
	at org.testng.SuiteRunner.access$000(SuiteRunner.java:28)
	at org.testng.SuiteRunner$SuiteWorker.run(SuiteRunner.java:425)
	at org.testng.internal.thread.ThreadUtil.lambda$execute$0(ThreadUtil.java:66)
	at java.util.concurrent.FutureTask.run(Unknown Source)
	at java.util.concurrent.ThreadPoolExecutor.runWorker(Unknown Source)
	at java.util.concurrent.ThreadPoolExecutor$Worker.run(Unknown Source)
	at java.lang.Thread.run(Unknown Source)
</pre></div></td>
<td>4</td>
<td>com.plp.tests.ProductPageValidation@4232c52b</td></tr>
<tr>
<td title='com.plp.tests.ProductPageValidation.VerifyReviews()'><b>VerifyReviews</b><br>Test class: com.plp.tests.ProductPageValidation<br>Parameters: MacBook</td>
<td><div><pre>java.lang.AssertionError: Reviews are not available
	at com.plp.tests.ProductPageValidation.VerifyReviews(ProductPageValidation.java:80)
	at java.util.ArrayList.forEach(Unknown Source)
	at java.util.concurrent.FutureTask.run(Unknown Source)
	at java.util.concurrent.ThreadPoolExecutor.runWorker(Unknown Source)
	at java.util.concurrent.ThreadPoolExecutor$Worker.run(Unknown Source)
	at java.lang.Thread.run(Unknown Source)
... Removed 19 stack frames</pre></div><a href='#' onClick='toggleBox("stack-trace1154698482", this, "Click to show all stack frames", "Click to hide stack frames")'>Click to show all stack frames</a>
<div class='stack-trace' id='stack-trace1154698482'><pre>java.lang.AssertionError: Reviews are not available
	at org.testng.Assert.fail(Assert.java:99)
	at com.plp.tests.ProductPageValidation.VerifyReviews(ProductPageValidation.java:80)
	at sun.reflect.NativeMethodAccessorImpl.invoke0(Native Method)
	at sun.reflect.NativeMethodAccessorImpl.invoke(Unknown Source)
	at sun.reflect.DelegatingMethodAccessorImpl.invoke(Unknown Source)
	at java.lang.reflect.Method.invoke(Unknown Source)
	at org.testng.internal.MethodInvocationHelper.invokeMethod(MethodInvocationHelper.java:132)
	at org.testng.internal.TestInvoker.invokeMethod(TestInvoker.java:599)
	at org.testng.internal.TestInvoker.invokeTestMethod(TestInvoker.java:174)
	at org.testng.internal.MethodRunner.runInSequence(MethodRunner.java:46)
	at org.testng.internal.TestInvoker$MethodInvocationAgent.invoke(TestInvoker.java:822)
	at org.testng.internal.TestInvoker.invokeTestMethods(TestInvoker.java:147)
	at org.testng.internal.TestMethodWorker.invokeTestMethods(TestMethodWorker.java:146)
	at org.testng.internal.TestMethodWorker.run(TestMethodWorker.java:128)
	at java.util.ArrayList.forEach(Unknown Source)
	at org.testng.TestRunner.privateRun(TestRunner.java:764)
	at org.testng.TestRunner.run(TestRunner.java:585)
	at org.testng.SuiteRunner.runTest(SuiteRunner.java:384)
	at org.testng.SuiteRunner.access$000(SuiteRunner.java:28)
	at org.testng.SuiteRunner$SuiteWorker.run(SuiteRunner.java:425)
	at org.testng.internal.thread.ThreadUtil.lambda$execute$0(ThreadUtil.java:66)
	at java.util.concurrent.FutureTask.run(Unknown Source)
	at java.util.concurrent.ThreadPoolExecutor.runWorker(Unknown Source)
	at java.util.concurrent.ThreadPoolExecutor$Worker.run(Unknown Source)
	at java.lang.Thread.run(Unknown Source)
</pre></div></td>
<td>4</td>
<td>com.plp.tests.ProductPageValidation@4232c52b</td></tr>
<tr>
<td title='com.plp.tests.ProductPageValidation.VerifyReviews()'><b>VerifyReviews</b><br>Test class: com.plp.tests.ProductPageValidation<br>Parameters: MacBook Air</td>
<td><div><pre>java.lang.AssertionError: Reviews are not available
	at com.plp.tests.ProductPageValidation.VerifyReviews(ProductPageValidation.java:80)
	at java.util.ArrayList.forEach(Unknown Source)
	at java.util.concurrent.FutureTask.run(Unknown Source)
	at java.util.concurrent.ThreadPoolExecutor.runWorker(Unknown Source)
	at java.util.concurrent.ThreadPoolExecutor$Worker.run(Unknown Source)
	at java.lang.Thread.run(Unknown Source)
... Removed 19 stack frames</pre></div><a href='#' onClick='toggleBox("stack-trace939616934", this, "Click to show all stack frames", "Click to hide stack frames")'>Click to show all stack frames</a>
<div class='stack-trace' id='stack-trace939616934'><pre>java.lang.AssertionError: Reviews are not available
	at org.testng.Assert.fail(Assert.java:99)
	at com.plp.tests.ProductPageValidation.VerifyReviews(ProductPageValidation.java:80)
	at sun.reflect.NativeMethodAccessorImpl.invoke0(Native Method)
	at sun.reflect.NativeMethodAccessorImpl.invoke(Unknown Source)
	at sun.reflect.DelegatingMethodAccessorImpl.invoke(Unknown Source)
	at java.lang.reflect.Method.invoke(Unknown Source)
	at org.testng.internal.MethodInvocationHelper.invokeMethod(MethodInvocationHelper.java:132)
	at org.testng.internal.TestInvoker.invokeMethod(TestInvoker.java:599)
	at org.testng.internal.TestInvoker.invokeTestMethod(TestInvoker.java:174)
	at org.testng.internal.MethodRunner.runInSequence(MethodRunner.java:46)
	at org.testng.internal.TestInvoker$MethodInvocationAgent.invoke(TestInvoker.java:822)
	at org.testng.internal.TestInvoker.invokeTestMethods(TestInvoker.java:147)
	at org.testng.internal.TestMethodWorker.invokeTestMethods(TestMethodWorker.java:146)
	at org.testng.internal.TestMethodWorker.run(TestMethodWorker.java:128)
	at java.util.ArrayList.forEach(Unknown Source)
	at org.testng.TestRunner.privateRun(TestRunner.java:764)
	at org.testng.TestRunner.run(TestRunner.java:585)
	at org.testng.SuiteRunner.runTest(SuiteRunner.java:384)
	at org.testng.SuiteRunner.access$000(SuiteRunner.java:28)
	at org.testng.SuiteRunner$SuiteWorker.run(SuiteRunner.java:425)
	at org.testng.internal.thread.ThreadUtil.lambda$execute$0(ThreadUtil.java:66)
	at java.util.concurrent.FutureTask.run(Unknown Source)
	at java.util.concurrent.ThreadPoolExecutor.runWorker(Unknown Source)
	at java.util.concurrent.ThreadPoolExecutor$Worker.run(Unknown Source)
	at java.lang.Thread.run(Unknown Source)
</pre></div></td>
<td>3</td>
<td>com.plp.tests.ProductPageValidation@4232c52b</td></tr>
<tr>
<td title='com.plp.tests.ProductPageValidation.VerifyReviews()'><b>VerifyReviews</b><br>Test class: com.plp.tests.ProductPageValidation<br>Parameters: Canon EOS 5D</td>
<td><div><pre>java.lang.AssertionError: Reviews are not available
	at com.plp.tests.ProductPageValidation.VerifyReviews(ProductPageValidation.java:80)
	at java.util.ArrayList.forEach(Unknown Source)
	at java.util.concurrent.FutureTask.run(Unknown Source)
	at java.util.concurrent.ThreadPoolExecutor.runWorker(Unknown Source)
	at java.util.concurrent.ThreadPoolExecutor$Worker.run(Unknown Source)
	at java.lang.Thread.run(Unknown Source)
... Removed 19 stack frames</pre></div><a href='#' onClick='toggleBox("stack-trace1025773494", this, "Click to show all stack frames", "Click to hide stack frames")'>Click to show all stack frames</a>
<div class='stack-trace' id='stack-trace1025773494'><pre>java.lang.AssertionError: Reviews are not available
	at org.testng.Assert.fail(Assert.java:99)
	at com.plp.tests.ProductPageValidation.VerifyReviews(ProductPageValidation.java:80)
	at sun.reflect.NativeMethodAccessorImpl.invoke0(Native Method)
	at sun.reflect.NativeMethodAccessorImpl.invoke(Unknown Source)
	at sun.reflect.DelegatingMethodAccessorImpl.invoke(Unknown Source)
	at java.lang.reflect.Method.invoke(Unknown Source)
	at org.testng.internal.MethodInvocationHelper.invokeMethod(MethodInvocationHelper.java:132)
	at org.testng.internal.TestInvoker.invokeMethod(TestInvoker.java:599)
	at org.testng.internal.TestInvoker.invokeTestMethod(TestInvoker.java:174)
	at org.testng.internal.MethodRunner.runInSequence(MethodRunner.java:46)
	at org.testng.internal.TestInvoker$MethodInvocationAgent.invoke(TestInvoker.java:822)
	at org.testng.internal.TestInvoker.invokeTestMethods(TestInvoker.java:147)
	at org.testng.internal.TestMethodWorker.invokeTestMethods(TestMethodWorker.java:146)
	at org.testng.internal.TestMethodWorker.run(TestMethodWorker.java:128)
	at java.util.ArrayList.forEach(Unknown Source)
	at org.testng.TestRunner.privateRun(TestRunner.java:764)
	at org.testng.TestRunner.run(TestRunner.java:585)
	at org.testng.SuiteRunner.runTest(SuiteRunner.java:384)
	at org.testng.SuiteRunner.access$000(SuiteRunner.java:28)
	at org.testng.SuiteRunner$SuiteWorker.run(SuiteRunner.java:425)
	at org.testng.internal.thread.ThreadUtil.lambda$execute$0(ThreadUtil.java:66)
	at java.util.concurrent.FutureTask.run(Unknown Source)
	at java.util.concurrent.ThreadPoolExecutor.runWorker(Unknown Source)
	at java.util.concurrent.ThreadPoolExecutor$Worker.run(Unknown Source)
	at java.lang.Thread.run(Unknown Source)
</pre></div></td>
<td>4</td>
<td>com.plp.tests.ProductPageValidation@4232c52b</td></tr>
<tr>
<td title='com.plp.tests.ProductPageValidation.VerifyReviews()'><b>VerifyReviews</b><br>Test class: com.plp.tests.ProductPageValidation<br>Parameters: Samsung Galaxy Tab 10.1</td>
<td><div><pre>java.lang.AssertionError: Reviews are not available
	at com.plp.tests.ProductPageValidation.VerifyReviews(ProductPageValidation.java:80)
	at java.util.ArrayList.forEach(Unknown Source)
	at java.util.concurrent.FutureTask.run(Unknown Source)
	at java.util.concurrent.ThreadPoolExecutor.runWorker(Unknown Source)
	at java.util.concurrent.ThreadPoolExecutor$Worker.run(Unknown Source)
	at java.lang.Thread.run(Unknown Source)
... Removed 19 stack frames</pre></div><a href='#' onClick='toggleBox("stack-trace9918643", this, "Click to show all stack frames", "Click to hide stack frames")'>Click to show all stack frames</a>
<div class='stack-trace' id='stack-trace9918643'><pre>java.lang.AssertionError: Reviews are not available
	at org.testng.Assert.fail(Assert.java:99)
	at com.plp.tests.ProductPageValidation.VerifyReviews(ProductPageValidation.java:80)
	at sun.reflect.NativeMethodAccessorImpl.invoke0(Native Method)
	at sun.reflect.NativeMethodAccessorImpl.invoke(Unknown Source)
	at sun.reflect.DelegatingMethodAccessorImpl.invoke(Unknown Source)
	at java.lang.reflect.Method.invoke(Unknown Source)
	at org.testng.internal.MethodInvocationHelper.invokeMethod(MethodInvocationHelper.java:132)
	at org.testng.internal.TestInvoker.invokeMethod(TestInvoker.java:599)
	at org.testng.internal.TestInvoker.invokeTestMethod(TestInvoker.java:174)
	at org.testng.internal.MethodRunner.runInSequence(MethodRunner.java:46)
	at org.testng.internal.TestInvoker$MethodInvocationAgent.invoke(TestInvoker.java:822)
	at org.testng.internal.TestInvoker.invokeTestMethods(TestInvoker.java:147)
	at org.testng.internal.TestMethodWorker.invokeTestMethods(TestMethodWorker.java:146)
	at org.testng.internal.TestMethodWorker.run(TestMethodWorker.java:128)
	at java.util.ArrayList.forEach(Unknown Source)
	at org.testng.TestRunner.privateRun(TestRunner.java:764)
	at org.testng.TestRunner.run(TestRunner.java:585)
	at org.testng.SuiteRunner.runTest(SuiteRunner.java:384)
	at org.testng.SuiteRunner.access$000(SuiteRunner.java:28)
	at org.testng.SuiteRunner$SuiteWorker.run(SuiteRunner.java:425)
	at org.testng.internal.thread.ThreadUtil.lambda$execute$0(ThreadUtil.java:66)
	at java.util.concurrent.FutureTask.run(Unknown Source)
	at java.util.concurrent.ThreadPoolExecutor.runWorker(Unknown Source)
	at java.util.concurrent.ThreadPoolExecutor$Worker.run(Unknown Source)
	at java.lang.Thread.run(Unknown Source)
</pre></div></td>
<td>4</td>
<td>com.plp.tests.ProductPageValidation@4232c52b</td></tr>
<tr>
<td title='com.plp.tests.ProductPageValidation.verifySpecification()'><b>verifySpecification</b><br>Test class: com.plp.tests.ProductPageValidation<br>Parameters: HP LP3065</td>
<td><div><pre>org.openqa.selenium.UnhandledAlertException: unexpected alert open: {Alert text : SyntaxError: Unexpected token &lt; in JSON at position 0
parsererror
&lt;b&gt;Warning&lt;/b&gt;: unlink(/home/ocdemo/storage/cache/cache.catalog.language.1634473989): No such file or directory in &lt;b&gt;/home/ocdemo/public_html/system/library/cache/file.php&lt;/b&gt; on line &lt;b&gt;68&lt;/b&gt;{&quot;success&quot;:&quot;Success: You have added &lt;a href=\&quot;https:\/\/demo.opencart.com\/index.php?route=product\/product&amp;amp;product_id=47\&quot;&gt;HP LP3065&lt;\/a&gt; to your &lt;a href=\&quot;https:\/\/demo.opencart.com\/index.php?route=checkout\/cart\&quot;&gt;shopping cart&lt;\/a&gt;!&quot;,&quot;total&quot;:&quot;6 item(s) - $2,411.99&quot;}}
  (Session info: chrome=94.0.4606.81): SyntaxError: Unexpected token &lt; in JSON at position 0
parsererror
&lt;b&gt;Warning&lt;/b&gt;: unlink(/home/ocdemo/storage/cache/cache.catalog.language.1634473989): No such file or directory in &lt;b&gt;/home/ocdemo/public_html/system/library/cache/file.php&lt;/b&gt; on line &lt;b&gt;68&lt;/b&gt;{&quot;success&quot;:&quot;Success: You have added &lt;a href=\&quot;https:\/\/demo.opencart.com\/index.php?route=product\/product&amp;amp;product_id=47\&quot;&gt;HP LP3065&lt;\/a&gt; to your &lt;a href=\&quot;https:\/\/demo.opencart.com\/index.php?route=checkout\/cart\&quot;&gt;shopping cart&lt;\/a&gt;!&quot;,&quot;total&quot;:&quot;6 item(s) - $2,411.99&quot;}
Build info: version: &apos;3.141.59&apos;, revision: &apos;e82be7d358&apos;, time: &apos;2018-11-14T08:17:03&apos;
System info: host: &apos;HARSHAL&apos;, ip: &apos;192.168.56.1&apos;, os.name: &apos;Windows 10&apos;, os.arch: &apos;amd64&apos;, os.version: &apos;10.0&apos;, java.version: &apos;1.8.0_251&apos;
Driver info: org.openqa.selenium.chrome.ChromeDriver
Capabilities {acceptInsecureCerts: false, browserName: chrome, browserVersion: 94.0.4606.81, chrome: {chromedriverVersion: 94.0.4606.61 (418b78f5838ed..., userDataDir: C:\Users\Harshal\AppData\Lo...}, goog:chromeOptions: {debuggerAddress: localhost:6553}, javascriptEnabled: true, networkConnectionEnabled: false, pageLoadStrategy: normal, platform: WINDOWS, platformName: WINDOWS, proxy: Proxy(), setWindowRect: true, strictFileInteractability: false, timeouts: {implicit: 0, pageLoad: 300000, script: 30000}, unhandledPromptBehavior: dismiss and notify, webauthn:extension:credBlob: true, webauthn:extension:largeBlob: true, webauthn:virtualAuthenticators: true}
Session ID: 6ebcfb467ecbe960e116ac89a55747e3
*** Element info: {Using=name, value=search}
	at org.openqa.selenium.remote.http.W3CHttpResponseCodec.decode(W3CHttpResponseCodec.java:120)
	at org.openqa.selenium.remote.http.W3CHttpResponseCodec.decode(W3CHttpResponseCodec.java:49)
	at org.openqa.selenium.remote.HttpCommandExecutor.execute(HttpCommandExecutor.java:158)
	at org.openqa.selenium.remote.service.DriverCommandExecutor.execute(DriverCommandExecutor.java:83)
	at org.openqa.selenium.remote.RemoteWebDriver.execute(RemoteWebDriver.java:552)
	at org.openqa.selenium.remote.RemoteWebDriver.findElement(RemoteWebDriver.java:323)
	at org.openqa.selenium.remote.RemoteWebDriver.findElementByName(RemoteWebDriver.java:404)
	at org.openqa.selenium.By$ByName.findElement(By.java:284)
	at org.openqa.selenium.remote.RemoteWebDriver.findElement(RemoteWebDriver.java:315)
	at org.openqa.selenium.support.pagefactory.DefaultElementLocator.findElement(DefaultElementLocator.java:69)
	at org.openqa.selenium.support.pagefactory.internal.LocatingElementHandler.invoke(LocatingElementHandler.java:38)
	at com.sun.proxy.$Proxy10.clear(Unknown Source)
	at com.automation.utils.SearchProduct.SearchProductFunc(SearchProduct.java:159)
	at com.plp.tests.ProductPageValidation.verifySpecification(ProductPageValidation.java:60)
	at java.util.ArrayList.forEach(Unknown Source)
	at java.util.concurrent.FutureTask.run(Unknown Source)
	at java.util.concurrent.ThreadPoolExecutor.runWorker(Unknown Source)
	at java.util.concurrent.ThreadPoolExecutor$Worker.run(Unknown Source)
	at java.lang.Thread.run(Unknown Source)
... Removed 18 stack frames</pre></div><a href='#' onClick='toggleBox("stack-trace1738387975", this, "Click to show all stack frames", "Click to hide stack frames")'>Click to show all stack frames</a>
<div class='stack-trace' id='stack-trace1738387975'><pre>org.openqa.selenium.UnhandledAlertException: unexpected alert open: {Alert text : SyntaxError: Unexpected token &lt; in JSON at position 0
parsererror
&lt;b&gt;Warning&lt;/b&gt;: unlink(/home/ocdemo/storage/cache/cache.catalog.language.1634473989): No such file or directory in &lt;b&gt;/home/ocdemo/public_html/system/library/cache/file.php&lt;/b&gt; on line &lt;b&gt;68&lt;/b&gt;{&quot;success&quot;:&quot;Success: You have added &lt;a href=\&quot;https:\/\/demo.opencart.com\/index.php?route=product\/product&amp;amp;product_id=47\&quot;&gt;HP LP3065&lt;\/a&gt; to your &lt;a href=\&quot;https:\/\/demo.opencart.com\/index.php?route=checkout\/cart\&quot;&gt;shopping cart&lt;\/a&gt;!&quot;,&quot;total&quot;:&quot;6 item(s) - $2,411.99&quot;}}
  (Session info: chrome=94.0.4606.81): SyntaxError: Unexpected token &lt; in JSON at position 0
parsererror
&lt;b&gt;Warning&lt;/b&gt;: unlink(/home/ocdemo/storage/cache/cache.catalog.language.1634473989): No such file or directory in &lt;b&gt;/home/ocdemo/public_html/system/library/cache/file.php&lt;/b&gt; on line &lt;b&gt;68&lt;/b&gt;{&quot;success&quot;:&quot;Success: You have added &lt;a href=\&quot;https:\/\/demo.opencart.com\/index.php?route=product\/product&amp;amp;product_id=47\&quot;&gt;HP LP3065&lt;\/a&gt; to your &lt;a href=\&quot;https:\/\/demo.opencart.com\/index.php?route=checkout\/cart\&quot;&gt;shopping cart&lt;\/a&gt;!&quot;,&quot;total&quot;:&quot;6 item(s) - $2,411.99&quot;}
Build info: version: &apos;3.141.59&apos;, revision: &apos;e82be7d358&apos;, time: &apos;2018-11-14T08:17:03&apos;
System info: host: &apos;HARSHAL&apos;, ip: &apos;192.168.56.1&apos;, os.name: &apos;Windows 10&apos;, os.arch: &apos;amd64&apos;, os.version: &apos;10.0&apos;, java.version: &apos;1.8.0_251&apos;
Driver info: org.openqa.selenium.chrome.ChromeDriver
Capabilities {acceptInsecureCerts: false, browserName: chrome, browserVersion: 94.0.4606.81, chrome: {chromedriverVersion: 94.0.4606.61 (418b78f5838ed..., userDataDir: C:\Users\Harshal\AppData\Lo...}, goog:chromeOptions: {debuggerAddress: localhost:6553}, javascriptEnabled: true, networkConnectionEnabled: false, pageLoadStrategy: normal, platform: WINDOWS, platformName: WINDOWS, proxy: Proxy(), setWindowRect: true, strictFileInteractability: false, timeouts: {implicit: 0, pageLoad: 300000, script: 30000}, unhandledPromptBehavior: dismiss and notify, webauthn:extension:credBlob: true, webauthn:extension:largeBlob: true, webauthn:virtualAuthenticators: true}
Session ID: 6ebcfb467ecbe960e116ac89a55747e3
*** Element info: {Using=name, value=search}
	at org.openqa.selenium.remote.http.W3CHttpResponseCodec.decode(W3CHttpResponseCodec.java:120)
	at org.openqa.selenium.remote.http.W3CHttpResponseCodec.decode(W3CHttpResponseCodec.java:49)
	at org.openqa.selenium.remote.HttpCommandExecutor.execute(HttpCommandExecutor.java:158)
	at org.openqa.selenium.remote.service.DriverCommandExecutor.execute(DriverCommandExecutor.java:83)
	at org.openqa.selenium.remote.RemoteWebDriver.execute(RemoteWebDriver.java:552)
	at org.openqa.selenium.remote.RemoteWebDriver.findElement(RemoteWebDriver.java:323)
	at org.openqa.selenium.remote.RemoteWebDriver.findElementByName(RemoteWebDriver.java:404)
	at org.openqa.selenium.By$ByName.findElement(By.java:284)
	at org.openqa.selenium.remote.RemoteWebDriver.findElement(RemoteWebDriver.java:315)
	at org.openqa.selenium.support.pagefactory.DefaultElementLocator.findElement(DefaultElementLocator.java:69)
	at org.openqa.selenium.support.pagefactory.internal.LocatingElementHandler.invoke(LocatingElementHandler.java:38)
	at com.sun.proxy.$Proxy10.clear(Unknown Source)
	at com.automation.utils.SearchProduct.SearchProductFunc(SearchProduct.java:159)
	at com.plp.tests.ProductPageValidation.verifySpecification(ProductPageValidation.java:60)
	at sun.reflect.NativeMethodAccessorImpl.invoke0(Native Method)
	at sun.reflect.NativeMethodAccessorImpl.invoke(Unknown Source)
	at sun.reflect.DelegatingMethodAccessorImpl.invoke(Unknown Source)
	at java.lang.reflect.Method.invoke(Unknown Source)
	at org.testng.internal.MethodInvocationHelper.invokeMethod(MethodInvocationHelper.java:132)
	at org.testng.internal.TestInvoker.invokeMethod(TestInvoker.java:599)
	at org.testng.internal.TestInvoker.invokeTestMethod(TestInvoker.java:174)
	at org.testng.internal.MethodRunner.runInSequence(MethodRunner.java:46)
	at org.testng.internal.TestInvoker$MethodInvocationAgent.invoke(TestInvoker.java:822)
	at org.testng.internal.TestInvoker.invokeTestMethods(TestInvoker.java:147)
	at org.testng.internal.TestMethodWorker.invokeTestMethods(TestMethodWorker.java:146)
	at org.testng.internal.TestMethodWorker.run(TestMethodWorker.java:128)
	at java.util.ArrayList.forEach(Unknown Source)
	at org.testng.TestRunner.privateRun(TestRunner.java:764)
	at org.testng.TestRunner.run(TestRunner.java:585)
	at org.testng.SuiteRunner.runTest(SuiteRunner.java:384)
	at org.testng.SuiteRunner.access$000(SuiteRunner.java:28)
	at org.testng.SuiteRunner$SuiteWorker.run(SuiteRunner.java:425)
	at org.testng.internal.thread.ThreadUtil.lambda$execute$0(ThreadUtil.java:66)
	at java.util.concurrent.FutureTask.run(Unknown Source)
	at java.util.concurrent.ThreadPoolExecutor.runWorker(Unknown Source)
	at java.util.concurrent.ThreadPoolExecutor$Worker.run(Unknown Source)
	at java.lang.Thread.run(Unknown Source)
</pre></div></td>
<td>0</td>
<td>com.plp.tests.ProductPageValidation@4232c52b</td></tr>
<tr>
<td title='com.plp.tests.ProductPageValidation.verifySpecification()'><b>verifySpecification</b><br>Test class: com.plp.tests.ProductPageValidation<br>Parameters: iMac</td>
<td><div><pre>java.lang.AssertionError: Specification field Not Active
	at com.plp.tests.ProductPageValidation.verifySpecification(ProductPageValidation.java:66)
	at java.util.ArrayList.forEach(Unknown Source)
	at java.util.concurrent.FutureTask.run(Unknown Source)
	at java.util.concurrent.ThreadPoolExecutor.runWorker(Unknown Source)
	at java.util.concurrent.ThreadPoolExecutor$Worker.run(Unknown Source)
	at java.lang.Thread.run(Unknown Source)
... Removed 19 stack frames</pre></div><a href='#' onClick='toggleBox("stack-trace906699675", this, "Click to show all stack frames", "Click to hide stack frames")'>Click to show all stack frames</a>
<div class='stack-trace' id='stack-trace906699675'><pre>java.lang.AssertionError: Specification field Not Active
	at org.testng.Assert.fail(Assert.java:99)
	at com.plp.tests.ProductPageValidation.verifySpecification(ProductPageValidation.java:66)
	at sun.reflect.NativeMethodAccessorImpl.invoke0(Native Method)
	at sun.reflect.NativeMethodAccessorImpl.invoke(Unknown Source)
	at sun.reflect.DelegatingMethodAccessorImpl.invoke(Unknown Source)
	at java.lang.reflect.Method.invoke(Unknown Source)
	at org.testng.internal.MethodInvocationHelper.invokeMethod(MethodInvocationHelper.java:132)
	at org.testng.internal.TestInvoker.invokeMethod(TestInvoker.java:599)
	at org.testng.internal.TestInvoker.invokeTestMethod(TestInvoker.java:174)
	at org.testng.internal.MethodRunner.runInSequence(MethodRunner.java:46)
	at org.testng.internal.TestInvoker$MethodInvocationAgent.invoke(TestInvoker.java:822)
	at org.testng.internal.TestInvoker.invokeTestMethods(TestInvoker.java:147)
	at org.testng.internal.TestMethodWorker.invokeTestMethods(TestMethodWorker.java:146)
	at org.testng.internal.TestMethodWorker.run(TestMethodWorker.java:128)
	at java.util.ArrayList.forEach(Unknown Source)
	at org.testng.TestRunner.privateRun(TestRunner.java:764)
	at org.testng.TestRunner.run(TestRunner.java:585)
	at org.testng.SuiteRunner.runTest(SuiteRunner.java:384)
	at org.testng.SuiteRunner.access$000(SuiteRunner.java:28)
	at org.testng.SuiteRunner$SuiteWorker.run(SuiteRunner.java:425)
	at org.testng.internal.thread.ThreadUtil.lambda$execute$0(ThreadUtil.java:66)
	at java.util.concurrent.FutureTask.run(Unknown Source)
	at java.util.concurrent.ThreadPoolExecutor.runWorker(Unknown Source)
	at java.util.concurrent.ThreadPoolExecutor$Worker.run(Unknown Source)
	at java.lang.Thread.run(Unknown Source)
</pre></div></td>
<td>4</td>
<td>com.plp.tests.ProductPageValidation@4232c52b</td></tr>
<tr>
<td title='com.plp.tests.ProductPageValidation.verifySpecification()'><b>verifySpecification</b><br>Test class: com.plp.tests.ProductPageValidation<br>Parameters: MacBook Air</td>
<td><div><pre>java.lang.AssertionError: Specification field Not Active
	at com.plp.tests.ProductPageValidation.verifySpecification(ProductPageValidation.java:66)
	at java.util.ArrayList.forEach(Unknown Source)
	at java.util.concurrent.FutureTask.run(Unknown Source)
	at java.util.concurrent.ThreadPoolExecutor.runWorker(Unknown Source)
	at java.util.concurrent.ThreadPoolExecutor$Worker.run(Unknown Source)
	at java.lang.Thread.run(Unknown Source)
... Removed 19 stack frames</pre></div><a href='#' onClick='toggleBox("stack-trace850712449", this, "Click to show all stack frames", "Click to hide stack frames")'>Click to show all stack frames</a>
<div class='stack-trace' id='stack-trace850712449'><pre>java.lang.AssertionError: Specification field Not Active
	at org.testng.Assert.fail(Assert.java:99)
	at com.plp.tests.ProductPageValidation.verifySpecification(ProductPageValidation.java:66)
	at sun.reflect.NativeMethodAccessorImpl.invoke0(Native Method)
	at sun.reflect.NativeMethodAccessorImpl.invoke(Unknown Source)
	at sun.reflect.DelegatingMethodAccessorImpl.invoke(Unknown Source)
	at java.lang.reflect.Method.invoke(Unknown Source)
	at org.testng.internal.MethodInvocationHelper.invokeMethod(MethodInvocationHelper.java:132)
	at org.testng.internal.TestInvoker.invokeMethod(TestInvoker.java:599)
	at org.testng.internal.TestInvoker.invokeTestMethod(TestInvoker.java:174)
	at org.testng.internal.MethodRunner.runInSequence(MethodRunner.java:46)
	at org.testng.internal.TestInvoker$MethodInvocationAgent.invoke(TestInvoker.java:822)
	at org.testng.internal.TestInvoker.invokeTestMethods(TestInvoker.java:147)
	at org.testng.internal.TestMethodWorker.invokeTestMethods(TestMethodWorker.java:146)
	at org.testng.internal.TestMethodWorker.run(TestMethodWorker.java:128)
	at java.util.ArrayList.forEach(Unknown Source)
	at org.testng.TestRunner.privateRun(TestRunner.java:764)
	at org.testng.TestRunner.run(TestRunner.java:585)
	at org.testng.SuiteRunner.runTest(SuiteRunner.java:384)
	at org.testng.SuiteRunner.access$000(SuiteRunner.java:28)
	at org.testng.SuiteRunner$SuiteWorker.run(SuiteRunner.java:425)
	at org.testng.internal.thread.ThreadUtil.lambda$execute$0(ThreadUtil.java:66)
	at java.util.concurrent.FutureTask.run(Unknown Source)
	at java.util.concurrent.ThreadPoolExecutor.runWorker(Unknown Source)
	at java.util.concurrent.ThreadPoolExecutor$Worker.run(Unknown Source)
	at java.lang.Thread.run(Unknown Source)
</pre></div></td>
<td>3</td>
<td>com.plp.tests.ProductPageValidation@4232c52b</td></tr>
<tr>
<td title='com.plp.tests.ProductPageValidation.verifySpecification()'><b>verifySpecification</b><br>Test class: com.plp.tests.ProductPageValidation<br>Parameters: Canon EOS 5D</td>
<td><div><pre>java.lang.AssertionError: Specification field Not Active
	at com.plp.tests.ProductPageValidation.verifySpecification(ProductPageValidation.java:66)
	at java.util.ArrayList.forEach(Unknown Source)
	at java.util.concurrent.FutureTask.run(Unknown Source)
	at java.util.concurrent.ThreadPoolExecutor.runWorker(Unknown Source)
	at java.util.concurrent.ThreadPoolExecutor$Worker.run(Unknown Source)
	at java.lang.Thread.run(Unknown Source)
... Removed 19 stack frames</pre></div><a href='#' onClick='toggleBox("stack-trace1027794322", this, "Click to show all stack frames", "Click to hide stack frames")'>Click to show all stack frames</a>
<div class='stack-trace' id='stack-trace1027794322'><pre>java.lang.AssertionError: Specification field Not Active
	at org.testng.Assert.fail(Assert.java:99)
	at com.plp.tests.ProductPageValidation.verifySpecification(ProductPageValidation.java:66)
	at sun.reflect.NativeMethodAccessorImpl.invoke0(Native Method)
	at sun.reflect.NativeMethodAccessorImpl.invoke(Unknown Source)
	at sun.reflect.DelegatingMethodAccessorImpl.invoke(Unknown Source)
	at java.lang.reflect.Method.invoke(Unknown Source)
	at org.testng.internal.MethodInvocationHelper.invokeMethod(MethodInvocationHelper.java:132)
	at org.testng.internal.TestInvoker.invokeMethod(TestInvoker.java:599)
	at org.testng.internal.TestInvoker.invokeTestMethod(TestInvoker.java:174)
	at org.testng.internal.MethodRunner.runInSequence(MethodRunner.java:46)
	at org.testng.internal.TestInvoker$MethodInvocationAgent.invoke(TestInvoker.java:822)
	at org.testng.internal.TestInvoker.invokeTestMethods(TestInvoker.java:147)
	at org.testng.internal.TestMethodWorker.invokeTestMethods(TestMethodWorker.java:146)
	at org.testng.internal.TestMethodWorker.run(TestMethodWorker.java:128)
	at java.util.ArrayList.forEach(Unknown Source)
	at org.testng.TestRunner.privateRun(TestRunner.java:764)
	at org.testng.TestRunner.run(TestRunner.java:585)
	at org.testng.SuiteRunner.runTest(SuiteRunner.java:384)
	at org.testng.SuiteRunner.access$000(SuiteRunner.java:28)
	at org.testng.SuiteRunner$SuiteWorker.run(SuiteRunner.java:425)
	at org.testng.internal.thread.ThreadUtil.lambda$execute$0(ThreadUtil.java:66)
	at java.util.concurrent.FutureTask.run(Unknown Source)
	at java.util.concurrent.ThreadPoolExecutor.runWorker(Unknown Source)
	at java.util.concurrent.ThreadPoolExecutor$Worker.run(Unknown Source)
	at java.lang.Thread.run(Unknown Source)
</pre></div></td>
<td>3</td>
<td>com.plp.tests.ProductPageValidation@4232c52b</td></tr>
<tr>
<td title='com.plp.tests.ProductPageValidation.verifySpecification()'><b>verifySpecification</b><br>Test class: com.plp.tests.ProductPageValidation<br>Parameters: Samsung Galaxy Tab 10.1</td>
<td><div><pre>java.lang.AssertionError: Specification field Not Active
	at com.plp.tests.ProductPageValidation.verifySpecification(ProductPageValidation.java:66)
	at java.util.ArrayList.forEach(Unknown Source)
	at java.util.concurrent.FutureTask.run(Unknown Source)
	at java.util.concurrent.ThreadPoolExecutor.runWorker(Unknown Source)
	at java.util.concurrent.ThreadPoolExecutor$Worker.run(Unknown Source)
	at java.lang.Thread.run(Unknown Source)
... Removed 19 stack frames</pre></div><a href='#' onClick='toggleBox("stack-trace52867278", this, "Click to show all stack frames", "Click to hide stack frames")'>Click to show all stack frames</a>
<div class='stack-trace' id='stack-trace52867278'><pre>java.lang.AssertionError: Specification field Not Active
	at org.testng.Assert.fail(Assert.java:99)
	at com.plp.tests.ProductPageValidation.verifySpecification(ProductPageValidation.java:66)
	at sun.reflect.NativeMethodAccessorImpl.invoke0(Native Method)
	at sun.reflect.NativeMethodAccessorImpl.invoke(Unknown Source)
	at sun.reflect.DelegatingMethodAccessorImpl.invoke(Unknown Source)
	at java.lang.reflect.Method.invoke(Unknown Source)
	at org.testng.internal.MethodInvocationHelper.invokeMethod(MethodInvocationHelper.java:132)
	at org.testng.internal.TestInvoker.invokeMethod(TestInvoker.java:599)
	at org.testng.internal.TestInvoker.invokeTestMethod(TestInvoker.java:174)
	at org.testng.internal.MethodRunner.runInSequence(MethodRunner.java:46)
	at org.testng.internal.TestInvoker$MethodInvocationAgent.invoke(TestInvoker.java:822)
	at org.testng.internal.TestInvoker.invokeTestMethods(TestInvoker.java:147)
	at org.testng.internal.TestMethodWorker.invokeTestMethods(TestMethodWorker.java:146)
	at org.testng.internal.TestMethodWorker.run(TestMethodWorker.java:128)
	at java.util.ArrayList.forEach(Unknown Source)
	at org.testng.TestRunner.privateRun(TestRunner.java:764)
	at org.testng.TestRunner.run(TestRunner.java:585)
	at org.testng.SuiteRunner.runTest(SuiteRunner.java:384)
	at org.testng.SuiteRunner.access$000(SuiteRunner.java:28)
	at org.testng.SuiteRunner$SuiteWorker.run(SuiteRunner.java:425)
	at org.testng.internal.thread.ThreadUtil.lambda$execute$0(ThreadUtil.java:66)
	at java.util.concurrent.FutureTask.run(Unknown Source)
	at java.util.concurrent.ThreadPoolExecutor.runWorker(Unknown Source)
	at java.util.concurrent.ThreadPoolExecutor$Worker.run(Unknown Source)
	at java.lang.Thread.run(Unknown Source)
</pre></div></td>
<td>3</td>
<td>com.plp.tests.ProductPageValidation@4232c52b</td></tr>
</table><p>
<table width='100%' border='1' class='invocation-passed'>
<tr><td colspan='4' align='center'><b>PASSED TESTS</b></td></tr>
<tr><td><b>Test method</b></td>
<td width="30%"><b>Exception</b></td>
<td width="10%"><b>Time (seconds)</b></td>
<td><b>Instance</b></td>
</tr>
<tr>
<td title='com.plp.tests.ProductPageValidation.ProductNavigation()'><b>ProductNavigation</b><br>Test class: com.plp.tests.ProductPageValidation<br>Parameters: HP LP3065</td>
<td></td>
<td>4</td>
<td>com.plp.tests.ProductPageValidation@4232c52b</td></tr>
<tr>
<td title='com.plp.tests.ProductPageValidation.ProductNavigation()'><b>ProductNavigation</b><br>Test class: com.plp.tests.ProductPageValidation<br>Parameters: iMac</td>
<td></td>
<td>4</td>
<td>com.plp.tests.ProductPageValidation@4232c52b</td></tr>
<tr>
<td title='com.plp.tests.ProductPageValidation.ProductNavigation()'><b>ProductNavigation</b><br>Test class: com.plp.tests.ProductPageValidation<br>Parameters: MacBook</td>
<td></td>
<td>3</td>
<td>com.plp.tests.ProductPageValidation@4232c52b</td></tr>
<tr>
<td title='com.plp.tests.ProductPageValidation.ProductNavigation()'><b>ProductNavigation</b><br>Test class: com.plp.tests.ProductPageValidation<br>Parameters: MacBook Air</td>
<td></td>
<td>3</td>
<td>com.plp.tests.ProductPageValidation@4232c52b</td></tr>
<tr>
<td title='com.plp.tests.ProductPageValidation.ProductNavigation()'><b>ProductNavigation</b><br>Test class: com.plp.tests.ProductPageValidation<br>Parameters: Samsung Galaxy Tab 10.1</td>
<td></td>
<td>3</td>
<td>com.plp.tests.ProductPageValidation@4232c52b</td></tr>
<tr>
<td title='com.plp.tests.ProductPageValidation.ReviewFunc()'><b>ReviewFunc</b><br>Test class: com.plp.tests.ProductPageValidation<br>Parameters: HP LP3065</td>
<td></td>
<td>5</td>
<td>com.plp.tests.ProductPageValidation@4232c52b</td></tr>
<tr>
<td title='com.plp.tests.ProductPageValidation.ReviewFunc()'><b>ReviewFunc</b><br>Test class: com.plp.tests.ProductPageValidation<br>Parameters: iMac</td>
<td></td>
<td>5</td>
<td>com.plp.tests.ProductPageValidation@4232c52b</td></tr>
<tr>
<td title='com.plp.tests.ProductPageValidation.ReviewFunc()'><b>ReviewFunc</b><br>Test class: com.plp.tests.ProductPageValidation<br>Parameters: MacBook</td>
<td></td>
<td>5</td>
<td>com.plp.tests.ProductPageValidation@4232c52b</td></tr>
<tr>
<td title='com.plp.tests.ProductPageValidation.ReviewFunc()'><b>ReviewFunc</b><br>Test class: com.plp.tests.ProductPageValidation<br>Parameters: MacBook Air</td>
<td></td>
<td>5</td>
<td>com.plp.tests.ProductPageValidation@4232c52b</td></tr>
<tr>
<td title='com.plp.tests.ProductPageValidation.ReviewFunc()'><b>ReviewFunc</b><br>Test class: com.plp.tests.ProductPageValidation<br>Parameters: Canon EOS 5D</td>
<td></td>
<td>5</td>
<td>com.plp.tests.ProductPageValidation@4232c52b</td></tr>
<tr>
<td title='com.plp.tests.ProductPageValidation.ReviewFunc()'><b>ReviewFunc</b><br>Test class: com.plp.tests.ProductPageValidation<br>Parameters: Samsung Galaxy Tab 10.1</td>
<td></td>
<td>5</td>
<td>com.plp.tests.ProductPageValidation@4232c52b</td></tr>
<tr>
<td title='com.plp.tests.ProductPageValidation.VerifyAddToCart()'><b>VerifyAddToCart</b><br>Test class: com.plp.tests.ProductPageValidation<br>Parameters: HP LP3065</td>
<td></td>
<td>5</td>
<td>com.plp.tests.ProductPageValidation@4232c52b</td></tr>
<tr>
<td title='com.plp.tests.ProductPageValidation.VerifyAddToCart()'><b>VerifyAddToCart</b><br>Test class: com.plp.tests.ProductPageValidation<br>Parameters: iMac</td>
<td></td>
<td>5</td>
<td>com.plp.tests.ProductPageValidation@4232c52b</td></tr>
<tr>
<td title='com.plp.tests.ProductPageValidation.VerifyAddToCart()'><b>VerifyAddToCart</b><br>Test class: com.plp.tests.ProductPageValidation<br>Parameters: MacBook</td>
<td></td>
<td>4</td>
<td>com.plp.tests.ProductPageValidation@4232c52b</td></tr>
<tr>
<td title='com.plp.tests.ProductPageValidation.VerifyAddToCart()'><b>VerifyAddToCart</b><br>Test class: com.plp.tests.ProductPageValidation<br>Parameters: MacBook Air</td>
<td></td>
<td>4</td>
<td>com.plp.tests.ProductPageValidation@4232c52b</td></tr>
<tr>
<td title='com.plp.tests.ProductPageValidation.VerifyAddToCart()'><b>VerifyAddToCart</b><br>Test class: com.plp.tests.ProductPageValidation<br>Parameters: Samsung Galaxy Tab 10.1</td>
<td></td>
<td>5</td>
<td>com.plp.tests.ProductPageValidation@4232c52b</td></tr>
<tr>
<td title='com.plp.tests.ProductPageValidation.verifyDescription()'><b>verifyDescription</b><br>Test class: com.plp.tests.ProductPageValidation<br>Parameters: HP LP3065</td>
<td></td>
<td>3</td>
<td>com.plp.tests.ProductPageValidation@4232c52b</td></tr>
<tr>
<td title='com.plp.tests.ProductPageValidation.verifyDescription()'><b>verifyDescription</b><br>Test class: com.plp.tests.ProductPageValidation<br>Parameters: iMac</td>
<td></td>
<td>4</td>
<td>com.plp.tests.ProductPageValidation@4232c52b</td></tr>
<tr>
<td title='com.plp.tests.ProductPageValidation.verifyDescription()'><b>verifyDescription</b><br>Test class: com.plp.tests.ProductPageValidation<br>Parameters: MacBook</td>
<td></td>
<td>3</td>
<td>com.plp.tests.ProductPageValidation@4232c52b</td></tr>
<tr>
<td title='com.plp.tests.ProductPageValidation.verifyDescription()'><b>verifyDescription</b><br>Test class: com.plp.tests.ProductPageValidation<br>Parameters: MacBook Air</td>
<td></td>
<td>3</td>
<td>com.plp.tests.ProductPageValidation@4232c52b</td></tr>
<tr>
<td title='com.plp.tests.ProductPageValidation.verifyDescription()'><b>verifyDescription</b><br>Test class: com.plp.tests.ProductPageValidation<br>Parameters: Canon EOS 5D</td>
<td></td>
<td>3</td>
<td>com.plp.tests.ProductPageValidation@4232c52b</td></tr>
<tr>
<td title='com.plp.tests.ProductPageValidation.verifyDescription()'><b>verifyDescription</b><br>Test class: com.plp.tests.ProductPageValidation<br>Parameters: Samsung Galaxy Tab 10.1</td>
<td></td>
<td>3</td>
<td>com.plp.tests.ProductPageValidation@4232c52b</td></tr>
<tr>
<td title='com.plp.tests.ProductPageValidation.verifyMandatoryFields()'><b>verifyMandatoryFields</b><br>Test class: com.plp.tests.ProductPageValidation</td>
<td></td>
<td>3</td>
<td>com.plp.tests.ProductPageValidation@4232c52b</td></tr>
<tr>
<td title='com.plp.tests.ProductPageValidation.verifyQuantity()'><b>verifyQuantity</b><br>Test class: com.plp.tests.ProductPageValidation</td>
<td></td>
<td>5</td>
<td>com.plp.tests.ProductPageValidation@4232c52b</td></tr>
<tr>
<td title='com.plp.tests.ProductPageValidation.verifySpecification()'><b>verifySpecification</b><br>Test class: com.plp.tests.ProductPageValidation<br>Parameters: MacBook</td>
<td></td>
<td>3</td>
<td>com.plp.tests.ProductPageValidation@4232c52b</td></tr>
</table><p>
</body>
</html>